AH00558: apache2: Could not reliably determine the server's fully qualified domain name, using 172.29.0.2. Set the 'ServerName' directive globally to suppress this message
[Mon Oct 24 10:30:10.782204 2022] [mpm_event:notice] [pid 15:tid 139706822736960] AH00489: Apache/2.4.41 (Ubuntu) configured -- resuming normal operations
[Mon Oct 24 10:30:10.782599 2022] [core:notice] [pid 15:tid 139706822736960] AH00094: Command line: '/usr/sbin/apache2 -D FOREGROUND'
AH00558: apache2: Could not reliably determine the server's fully qualified domain name, using 192.168.16.2. Set the 'ServerName' directive globally to suppress this message
[Mon Oct 24 11:17:19.832794 2022] [mpm_event:notice] [pid 15:tid 140201744616512] AH00489: Apache/2.4.41 (Ubuntu) configured -- resuming normal operations
[Mon Oct 24 11:17:19.833095 2022] [core:notice] [pid 15:tid 140201744616512] AH00094: Command line: '/usr/sbin/apache2 -D FOREGROUND'
AH00558: apache2: Could not reliably determine the server's fully qualified domain name, using 192.168.80.2. Set the 'ServerName' directive globally to suppress this message
[Mon Oct 24 11:23:30.439679 2022] [mpm_event:notice] [pid 15:tid 140085181832256] AH00489: Apache/2.4.41 (Ubuntu) configured -- resuming normal operations
[Mon Oct 24 11:23:30.439996 2022] [core:notice] [pid 15:tid 140085181832256] AH00094: Command line: '/usr/sbin/apache2 -D FOREGROUND'
AH00558: apache2: Could not reliably determine the server's fully qualified domain name, using 172.20.0.2. Set the 'ServerName' directive globally to suppress this message
[Thu Oct 27 11:11:51.067000 2022] [mpm_event:notice] [pid 15:tid 140478405532736] AH00489: Apache/2.4.41 (Ubuntu) configured -- resuming normal operations
[Thu Oct 27 11:11:51.067589 2022] [core:notice] [pid 15:tid 140478405532736] AH00094: Command line: '/usr/sbin/apache2 -D FOREGROUND'
[Thu Oct 27 12:40:20.642727 2022] [mpm_event:notice] [pid 15:tid 140478405532736] AH00491: caught SIGTERM, shutting down
AH00558: apache2: Could not reliably determine the server's fully qualified domain name, using 172.20.0.2. Set the 'ServerName' directive globally to suppress this message
[Thu Oct 27 12:40:22.576645 2022] [mpm_event:notice] [pid 8:tid 140639255178304] AH00489: Apache/2.4.41 (Ubuntu) OpenSSL/1.1.1f configured -- resuming normal operations
[Thu Oct 27 12:40:22.576983 2022] [core:notice] [pid 8:tid 140639255178304] AH00094: Command line: '/usr/sbin/apache2 -D FOREGROUND'
[Thu Oct 27 12:52:33.476378 2022] [mpm_event:notice] [pid 8:tid 140639255178304] AH00493: SIGUSR1 received.  Doing graceful restart
AH00558: apache2: Could not reliably determine the server's fully qualified domain name, using 172.20.0.2. Set the 'ServerName' directive globally to suppress this message
[Thu Oct 27 12:52:33.485047 2022] [ssl:warn] [pid 8:tid 140639255178304] AH01915: Init: (172.20.0.2:80) You configured HTTPS(443) on the standard HTTP(80) port!
[Thu Oct 27 12:52:33.485499 2022] [mpm_event:notice] [pid 8:tid 140639255178304] AH00489: Apache/2.4.41 (Ubuntu) OpenSSL/1.1.1f configured -- resuming normal operations
[Thu Oct 27 12:52:33.485740 2022] [core:notice] [pid 8:tid 140639255178304] AH00094: Command line: '/usr/sbin/apache2 -D FOREGROUND'
AH00558: apache2: Could not reliably determine the server's fully qualified domain name, using 192.168.16.2. Set the 'ServerName' directive globally to suppress this message
[Thu Oct 27 13:19:03.193092 2022] [mpm_event:notice] [pid 15:tid 140704503802944] AH00489: Apache/2.4.41 (Ubuntu) configured -- resuming normal operations
[Thu Oct 27 13:19:03.193454 2022] [core:notice] [pid 15:tid 140704503802944] AH00094: Command line: '/usr/sbin/apache2 -D FOREGROUND'
[Thu Oct 27 13:26:20.477360 2022] [mpm_event:notice] [pid 15:tid 140704503802944] AH00493: SIGUSR1 received.  Doing graceful restart
AH00558: apache2: Could not reliably determine the server's fully qualified domain name, using 192.168.16.2. Set the 'ServerName' directive globally to suppress this message
[Thu Oct 27 13:26:20.483730 2022] [mpm_event:notice] [pid 15:tid 140704503802944] AH00489: Apache/2.4.41 (Ubuntu) OpenSSL/1.1.1f configured -- resuming normal operations
[Thu Oct 27 13:26:20.483898 2022] [core:notice] [pid 15:tid 140704503802944] AH00094: Command line: '/usr/sbin/apache2 -D FOREGROUND'
[Thu Oct 27 13:35:01.894314 2022] [mpm_event:notice] [pid 15:tid 140704503802944] AH00491: caught SIGTERM, shutting down
[Thu Oct 27 13:35:03.727278 2022] [ssl:warn] [pid 8:tid 139813784702016] AH01906: test.com:443:0 server certificate is a CA certificate (BasicConstraints: CA == TRUE !?)
AH00558: apache2: Could not reliably determine the server's fully qualified domain name, using 192.168.16.2. Set the 'ServerName' directive globally to suppress this message
[Thu Oct 27 13:35:03.741885 2022] [ssl:warn] [pid 8:tid 139813784702016] AH01906: test.com:443:0 server certificate is a CA certificate (BasicConstraints: CA == TRUE !?)
[Thu Oct 27 13:35:03.743262 2022] [mpm_event:notice] [pid 8:tid 139813784702016] AH00489: Apache/2.4.41 (Ubuntu) OpenSSL/1.1.1f configured -- resuming normal operations
[Thu Oct 27 13:35:03.743663 2022] [core:notice] [pid 8:tid 139813784702016] AH00094: Command line: '/usr/sbin/apache2 -D FOREGROUND'
[Thu Oct 27 13:35:37.798617 2022] [authz_core:error] [pid 10:tid 139813516728064] [client 192.168.16.1:34172] AH01630: client denied by server configuration: /var/www/html/
[Thu Oct 27 13:35:39.362261 2022] [authz_core:error] [pid 10:tid 139813508335360] [client 192.168.16.1:34172] AH01630: client denied by server configuration: /var/www/html/
[Thu Oct 27 13:35:40.135261 2022] [authz_core:error] [pid 10:tid 139813491549952] [client 192.168.16.1:34172] AH01630: client denied by server configuration: /var/www/html/
[Thu Oct 27 13:35:40.730201 2022] [authz_core:error] [pid 10:tid 139813483157248] [client 192.168.16.1:34172] AH01630: client denied by server configuration: /var/www/html/
[Thu Oct 27 13:36:24.811512 2022] [authz_core:error] [pid 10:tid 139812778530560] [client 192.168.16.1:34196] AH01630: client denied by server configuration: /var/www/html/
[Thu Oct 27 13:37:29.850634 2022] [mpm_event:notice] [pid 8:tid 139813784702016] AH00493: SIGUSR1 received.  Doing graceful restart
AH00558: apache2: Could not reliably determine the server's fully qualified domain name, using 192.168.16.2. Set the 'ServerName' directive globally to suppress this message
[Thu Oct 27 13:37:29.856668 2022] [ssl:warn] [pid 8:tid 139813784702016] AH01906: test.com:443:0 server certificate is a CA certificate (BasicConstraints: CA == TRUE !?)
[Thu Oct 27 13:37:29.857073 2022] [mpm_event:notice] [pid 8:tid 139813784702016] AH00489: Apache/2.4.41 (Ubuntu) OpenSSL/1.1.1f configured -- resuming normal operations
[Thu Oct 27 13:37:29.857234 2022] [core:notice] [pid 8:tid 139813784702016] AH00094: Command line: '/usr/sbin/apache2 -D FOREGROUND'
[Thu Oct 27 13:37:39.464375 2022] [authz_core:error] [pid 568:tid 139813769705216] [client 192.168.16.1:34224] AH01630: client denied by server configuration: /var/www/html/
[Thu Oct 27 13:37:40.771992 2022] [authz_core:error] [pid 568:tid 139813761312512] [client 192.168.16.1:34224] AH01630: client denied by server configuration: /var/www/html/
[Thu Oct 27 13:40:27.143527 2022] [mpm_event:notice] [pid 8:tid 139813784702016] AH00493: SIGUSR1 received.  Doing graceful restart
AH00558: apache2: Could not reliably determine the server's fully qualified domain name, using 192.168.16.2. Set the 'ServerName' directive globally to suppress this message
[Thu Oct 27 13:40:27.148664 2022] [ssl:warn] [pid 8:tid 139813784702016] AH01906: test.com:443:0 server certificate is a CA certificate (BasicConstraints: CA == TRUE !?)
[Thu Oct 27 13:40:27.148949 2022] [mpm_event:notice] [pid 8:tid 139813784702016] AH00489: Apache/2.4.41 (Ubuntu) OpenSSL/1.1.1f configured -- resuming normal operations
[Thu Oct 27 13:40:27.149061 2022] [core:notice] [pid 8:tid 139813784702016] AH00094: Command line: '/usr/sbin/apache2 -D FOREGROUND'
[Thu Oct 27 13:40:46.050738 2022] [authz_core:error] [pid 655:tid 139813769705216] [client 127.0.0.1:34638] AH01630: client denied by server configuration: /var/www/html/
[Thu Oct 27 13:43:23.225136 2022] [mpm_event:notice] [pid 8:tid 139813784702016] AH00493: SIGUSR1 received.  Doing graceful restart
AH00558: apache2: Could not reliably determine the server's fully qualified domain name, using 192.168.16.2. Set the 'ServerName' directive globally to suppress this message
[Thu Oct 27 13:43:23.230770 2022] [ssl:warn] [pid 8:tid 139813784702016] AH01906: test.com:443:0 server certificate is a CA certificate (BasicConstraints: CA == TRUE !?)
[Thu Oct 27 13:43:23.231275 2022] [mpm_event:notice] [pid 8:tid 139813784702016] AH00489: Apache/2.4.41 (Ubuntu) OpenSSL/1.1.1f configured -- resuming normal operations
[Thu Oct 27 13:43:23.231424 2022] [core:notice] [pid 8:tid 139813784702016] AH00094: Command line: '/usr/sbin/apache2 -D FOREGROUND'
[Thu Oct 27 13:47:29.332714 2022] [authz_core:error] [pid 774:tid 139813533513472] [client 192.168.16.1:34306] AH01630: client denied by server configuration: /var/www/html/
[Thu Oct 27 13:49:45.287721 2022] [mpm_event:notice] [pid 8:tid 139813784702016] AH00493: SIGUSR1 received.  Doing graceful restart
AH00558: apache2: Could not reliably determine the server's fully qualified domain name, using 192.168.16.2. Set the 'ServerName' directive globally to suppress this message
[Thu Oct 27 13:49:45.293750 2022] [ssl:warn] [pid 8:tid 139813784702016] AH01906: test.com:443:0 server certificate is a CA certificate (BasicConstraints: CA == TRUE !?)
[Thu Oct 27 13:49:45.294228 2022] [mpm_event:notice] [pid 8:tid 139813784702016] AH00489: Apache/2.4.41 (Ubuntu) OpenSSL/1.1.1f configured -- resuming normal operations
[Thu Oct 27 13:49:45.294341 2022] [core:notice] [pid 8:tid 139813784702016] AH00094: Command line: '/usr/sbin/apache2 -D FOREGROUND'
AH00558: apache2: Could not reliably determine the server's fully qualified domain name, using 192.168.80.2. Set the 'ServerName' directive globally to suppress this message
[Thu Oct 27 14:08:23.807026 2022] [mpm_event:notice] [pid 15:tid 139977330994240] AH00489: Apache/2.4.41 (Ubuntu) configured -- resuming normal operations
[Thu Oct 27 14:08:23.807710 2022] [core:notice] [pid 15:tid 139977330994240] AH00094: Command line: '/usr/sbin/apache2 -D FOREGROUND'
AH00558: apache2: Could not reliably determine the server's fully qualified domain name, using 192.168.128.2. Set the 'ServerName' directive globally to suppress this message
[Thu Oct 27 14:11:26.292696 2022] [mpm_event:notice] [pid 15:tid 140701886204992] AH00489: Apache/2.4.41 (Ubuntu) configured -- resuming normal operations
[Thu Oct 27 14:11:26.293150 2022] [core:notice] [pid 15:tid 140701886204992] AH00094: Command line: '/usr/sbin/apache2 -D FOREGROUND'
[Thu Oct 27 14:17:27.868875 2022] [mpm_event:notice] [pid 15:tid 140701886204992] AH00493: SIGUSR1 received.  Doing graceful restart
AH00558: apache2: Could not reliably determine the server's fully qualified domain name, using 192.168.128.2. Set the 'ServerName' directive globally to suppress this message
[Thu Oct 27 14:17:27.875506 2022] [ssl:warn] [pid 15:tid 140701886204992] AH01906: test.com:443:0 server certificate is a CA certificate (BasicConstraints: CA == TRUE !?)
[Thu Oct 27 14:17:27.875796 2022] [mpm_event:notice] [pid 15:tid 140701886204992] AH00489: Apache/2.4.41 (Ubuntu) OpenSSL/1.1.1f configured -- resuming normal operations
[Thu Oct 27 14:17:27.875910 2022] [core:notice] [pid 15:tid 140701886204992] AH00094: Command line: '/usr/sbin/apache2 -D FOREGROUND'
[Thu Oct 27 14:17:43.512120 2022] [authz_core:error] [pid 450:tid 140701871449856] [client 192.168.128.1:50230] AH01630: client denied by server configuration: /var/www/html/
[Thu Oct 27 14:17:43.733920 2022] [authz_core:error] [pid 450:tid 140701863057152] [client 192.168.128.1:50230] AH01630: client denied by server configuration: /var/www/html/favicon.ico, referer: http://localhost:8084/
[Thu Oct 27 14:17:45.563627 2022] [authz_core:error] [pid 450:tid 140701786437376] [client 192.168.128.1:50230] AH01630: client denied by server configuration: /var/www/html/
[Thu Oct 27 14:17:45.634723 2022] [authz_core:error] [pid 450:tid 140701778044672] [client 192.168.128.1:50230] AH01630: client denied by server configuration: /var/www/html/favicon.ico, referer: http://localhost:8084/
[Thu Oct 27 14:17:50.537578 2022] [authz_core:error] [pid 450:tid 140701769651968] [client 192.168.128.1:50230] AH01630: client denied by server configuration: /var/www/html/
[Thu Oct 27 14:17:50.608858 2022] [authz_core:error] [pid 450:tid 140701761259264] [client 192.168.128.1:50230] AH01630: client denied by server configuration: /var/www/html/favicon.ico, referer: http://localhost:8084/
[Thu Oct 27 14:18:02.187106 2022] [authz_core:error] [pid 450:tid 140700695910144] [client 192.168.128.1:50232] AH01630: client denied by server configuration: /var/www/html/favicon.ico, referer: http://localhost:8084/
[Thu Oct 27 14:20:06.928470 2022] [authz_core:error] [pid 450:tid 140701761259264] [client 192.168.128.1:50302] AH01630: client denied by server configuration: /var/www/html/
[Thu Oct 27 14:20:07.026119 2022] [authz_core:error] [pid 450:tid 140701752866560] [client 192.168.128.1:50302] AH01630: client denied by server configuration: /var/www/html/favicon.ico, referer: http://localhost:8084/
[Thu Oct 27 14:20:07.796628 2022] [authz_core:error] [pid 450:tid 140701744473856] [client 192.168.128.1:50302] AH01630: client denied by server configuration: /var/www/html/
[Thu Oct 27 14:20:07.876564 2022] [authz_core:error] [pid 450:tid 140701736081152] [client 192.168.128.1:50302] AH01630: client denied by server configuration: /var/www/html/favicon.ico, referer: http://localhost:8084/
[Thu Oct 27 14:20:22.464754 2022] [authz_core:error] [pid 450:tid 140701165672192] [client 192.168.128.1:50300] AH01630: client denied by server configuration: /var/www/html/
[Thu Oct 27 14:20:22.630825 2022] [authz_core:error] [pid 450:tid 140701157279488] [client 192.168.128.1:50300] AH01630: client denied by server configuration: /var/www/html/favicon.ico, referer: http://localhost:8084/
[Thu Oct 27 14:21:06.534188 2022] [mpm_event:notice] [pid 15:tid 140701886204992] AH00493: SIGUSR1 received.  Doing graceful restart
AH00558: apache2: Could not reliably determine the server's fully qualified domain name, using 192.168.128.2. Set the 'ServerName' directive globally to suppress this message
[Thu Oct 27 14:21:06.538600 2022] [ssl:warn] [pid 15:tid 140701886204992] AH01906: test.com:443:0 server certificate is a CA certificate (BasicConstraints: CA == TRUE !?)
[Thu Oct 27 14:21:06.538834 2022] [mpm_event:notice] [pid 15:tid 140701886204992] AH00489: Apache/2.4.41 (Ubuntu) OpenSSL/1.1.1f configured -- resuming normal operations
[Thu Oct 27 14:21:06.538936 2022] [core:notice] [pid 15:tid 140701886204992] AH00094: Command line: '/usr/sbin/apache2 -D FOREGROUND'
[Thu Oct 27 14:21:12.757579 2022] [authz_core:error] [pid 450:tid 140700712695552] [client 192.168.128.1:50306] AH01630: client denied by server configuration: /var/www/html/
[Thu Oct 27 14:21:35.517531 2022] [authz_core:error] [pid 549:tid 140701778044672] [client 127.0.0.1:34968] AH01630: client denied by server configuration: /var/www/html/
AH00558: apache2: Could not reliably determine the server's fully qualified domain name, using 192.168.176.2. Set the 'ServerName' directive globally to suppress this message
[Thu Oct 27 14:45:41.988355 2022] [mpm_event:notice] [pid 15:tid 140266402212928] AH00489: Apache/2.4.41 (Ubuntu) OpenSSL/1.1.1f configured -- resuming normal operations
[Thu Oct 27 14:45:41.988882 2022] [core:notice] [pid 15:tid 140266402212928] AH00094: Command line: '/usr/sbin/apache2 -D FOREGROUND'
AH00558: apache2: Could not reliably determine the server's fully qualified domain name, using 192.168.224.2. Set the 'ServerName' directive globally to suppress this message
[Thu Oct 27 14:49:44.830304 2022] [mpm_event:notice] [pid 15:tid 140249713200192] AH00489: Apache/2.4.41 (Ubuntu) OpenSSL/1.1.1f configured -- resuming normal operations
[Thu Oct 27 14:49:44.830662 2022] [core:notice] [pid 15:tid 140249713200192] AH00094: Command line: '/usr/sbin/apache2 -D FOREGROUND'
[Thu Oct 27 14:55:17.108043 2022] [ssl:warn] [pid 15:tid 140156104567872] AH01906: test.com:443:0 server certificate is a CA certificate (BasicConstraints: CA == TRUE !?)
AH00558: apache2: Could not reliably determine the server's fully qualified domain name, using 172.20.0.2. Set the 'ServerName' directive globally to suppress this message
[Thu Oct 27 14:55:17.113952 2022] [ssl:warn] [pid 15:tid 140156104567872] AH01906: test.com:443:0 server certificate is a CA certificate (BasicConstraints: CA == TRUE !?)
[Thu Oct 27 14:55:17.115077 2022] [mpm_event:notice] [pid 15:tid 140156104567872] AH00489: Apache/2.4.41 (Ubuntu) OpenSSL/1.1.1f configured -- resuming normal operations
[Thu Oct 27 14:55:17.115265 2022] [core:notice] [pid 15:tid 140156104567872] AH00094: Command line: '/usr/sbin/apache2 -D FOREGROUND'
[Thu Oct 27 15:01:28.968705 2022] [mpm_event:notice] [pid 15:tid 140156104567872] AH00493: SIGUSR1 received.  Doing graceful restart
AH00558: apache2: Could not reliably determine the server's fully qualified domain name, using 172.20.0.2. Set the 'ServerName' directive globally to suppress this message
[Thu Oct 27 15:01:28.973939 2022] [ssl:warn] [pid 15:tid 140156104567872] AH01906: test.com:443:0 server certificate is a CA certificate (BasicConstraints: CA == TRUE !?)
[Thu Oct 27 15:01:28.974220 2022] [mpm_event:notice] [pid 15:tid 140156104567872] AH00489: Apache/2.4.41 (Ubuntu) OpenSSL/1.1.1f configured -- resuming normal operations
[Thu Oct 27 15:01:28.974369 2022] [core:notice] [pid 15:tid 140156104567872] AH00094: Command line: '/usr/sbin/apache2 -D FOREGROUND'
[Thu Oct 27 15:01:49.134119 2022] [authz_core:error] [pid 397:tid 140155855828736] [client 172.20.0.1:34834] AH01630: client denied by server configuration: /var/www/html/
[Thu Oct 27 15:01:50.873866 2022] [authz_core:error] [pid 397:tid 140155847436032] [client 172.20.0.1:34834] AH01630: client denied by server configuration: /var/www/html/
[Thu Oct 27 15:02:08.313248 2022] [mpm_event:notice] [pid 15:tid 140156104567872] AH00493: SIGUSR1 received.  Doing graceful restart
AH00558: apache2: Could not reliably determine the server's fully qualified domain name, using 172.20.0.2. Set the 'ServerName' directive globally to suppress this message
[Thu Oct 27 15:02:08.319228 2022] [ssl:warn] [pid 15:tid 140156104567872] AH01906: test.com:443:0 server certificate is a CA certificate (BasicConstraints: CA == TRUE !?)
[Thu Oct 27 15:02:08.319623 2022] [mpm_event:notice] [pid 15:tid 140156104567872] AH00489: Apache/2.4.41 (Ubuntu) OpenSSL/1.1.1f configured -- resuming normal operations
[Thu Oct 27 15:02:08.319835 2022] [core:notice] [pid 15:tid 140156104567872] AH00094: Command line: '/usr/sbin/apache2 -D FOREGROUND'
[Thu Oct 27 15:02:14.718420 2022] [authz_core:error] [pid 478:tid 140156089571072] [client 172.20.0.1:34832] AH01630: client denied by server configuration: /var/www/html/
[Thu Oct 27 15:02:15.592667 2022] [authz_core:error] [pid 478:tid 140156081178368] [client 172.20.0.1:34832] AH01630: client denied by server configuration: /var/www/html/
[Thu Oct 27 15:02:16.044917 2022] [authz_core:error] [pid 478:tid 140156072785664] [client 172.20.0.1:34832] AH01630: client denied by server configuration: /var/www/html/
[Thu Oct 27 15:02:29.903943 2022] [authz_core:error] [pid 478:tid 140155805472512] [client 172.20.0.1:34838] AH01630: client denied by server configuration: /var/www/html/
[Thu Oct 27 15:02:32.300965 2022] [authz_core:error] [pid 478:tid 140155453175552] [client 172.20.0.1:34838] AH01630: client denied by server configuration: /var/www/html/
[Thu Oct 27 15:02:32.996588 2022] [authz_core:error] [pid 478:tid 140155444782848] [client 172.20.0.1:34838] AH01630: client denied by server configuration: /var/www/html/
[Thu Oct 27 15:02:33.571414 2022] [authz_core:error] [pid 478:tid 140155436390144] [client 172.20.0.1:34838] AH01630: client denied by server configuration: /var/www/html/
[Thu Oct 27 15:02:34.012507 2022] [authz_core:error] [pid 478:tid 140155427997440] [client 172.20.0.1:34838] AH01630: client denied by server configuration: /var/www/html/
[Thu Oct 27 15:03:04.360204 2022] [authz_core:error] [pid 478:tid 140156081178368] [client 172.20.0.1:34856] AH01630: client denied by server configuration: /var/www/html/
[Thu Oct 27 15:03:53.134379 2022] [mpm_event:notice] [pid 15:tid 140156104567872] AH00493: SIGUSR1 received.  Doing graceful restart
AH00558: apache2: Could not reliably determine the server's fully qualified domain name, using 172.20.0.2. Set the 'ServerName' directive globally to suppress this message
[Thu Oct 27 15:03:53.139802 2022] [ssl:warn] [pid 15:tid 140156104567872] AH01906: test.com:443:0 server certificate is a CA certificate (BasicConstraints: CA == TRUE !?)
[Thu Oct 27 15:03:53.140051 2022] [mpm_event:notice] [pid 15:tid 140156104567872] AH00489: Apache/2.4.41 (Ubuntu) OpenSSL/1.1.1f configured -- resuming normal operations
[Thu Oct 27 15:03:53.140123 2022] [core:notice] [pid 15:tid 140156104567872] AH00094: Command line: '/usr/sbin/apache2 -D FOREGROUND'
[Thu Oct 27 15:10:48.974938 2022] [mpm_event:notice] [pid 15:tid 140156104567872] AH00493: SIGUSR1 received.  Doing graceful restart
AH00558: apache2: Could not reliably determine the server's fully qualified domain name, using 172.20.0.2. Set the 'ServerName' directive globally to suppress this message
[Thu Oct 27 15:10:48.980432 2022] [ssl:warn] [pid 15:tid 140156104567872] AH01906: test.com:443:0 server certificate is a CA certificate (BasicConstraints: CA == TRUE !?)
[Thu Oct 27 15:10:48.980806 2022] [mpm_event:notice] [pid 15:tid 140156104567872] AH00489: Apache/2.4.41 (Ubuntu) OpenSSL/1.1.1f configured -- resuming normal operations
[Thu Oct 27 15:10:48.980941 2022] [core:notice] [pid 15:tid 140156104567872] AH00094: Command line: '/usr/sbin/apache2 -D FOREGROUND'
[Thu Oct 27 15:11:57.337731 2022] [mpm_event:notice] [pid 15:tid 140156104567872] AH00493: SIGUSR1 received.  Doing graceful restart
AH00558: apache2: Could not reliably determine the server's fully qualified domain name, using 172.20.0.2. Set the 'ServerName' directive globally to suppress this message
[Thu Oct 27 15:11:57.342655 2022] [ssl:warn] [pid 15:tid 140156104567872] AH01906: test.com:443:0 server certificate is a CA certificate (BasicConstraints: CA == TRUE !?)
[Thu Oct 27 15:11:57.342929 2022] [mpm_event:notice] [pid 15:tid 140156104567872] AH00489: Apache/2.4.41 (Ubuntu) OpenSSL/1.1.1f configured -- resuming normal operations
[Thu Oct 27 15:11:57.343080 2022] [core:notice] [pid 15:tid 140156104567872] AH00094: Command line: '/usr/sbin/apache2 -D FOREGROUND'
[Thu Oct 27 15:13:03.017550 2022] [mpm_event:notice] [pid 15:tid 140156104567872] AH00493: SIGUSR1 received.  Doing graceful restart
AH00558: apache2: Could not reliably determine the server's fully qualified domain name, using 172.20.0.2. Set the 'ServerName' directive globally to suppress this message
[Thu Oct 27 15:13:03.023212 2022] [ssl:warn] [pid 15:tid 140156104567872] AH01906: test.com:443:0 server certificate is a CA certificate (BasicConstraints: CA == TRUE !?)
[Thu Oct 27 15:13:03.023514 2022] [mpm_event:notice] [pid 15:tid 140156104567872] AH00489: Apache/2.4.41 (Ubuntu) OpenSSL/1.1.1f configured -- resuming normal operations
[Thu Oct 27 15:13:03.023628 2022] [core:notice] [pid 15:tid 140156104567872] AH00094: Command line: '/usr/sbin/apache2 -D FOREGROUND'
[Thu Oct 27 15:15:09.084232 2022] [mpm_event:notice] [pid 15:tid 140156104567872] AH00493: SIGUSR1 received.  Doing graceful restart
AH00558: apache2: Could not reliably determine the server's fully qualified domain name, using 172.20.0.2. Set the 'ServerName' directive globally to suppress this message
[Thu Oct 27 15:15:09.090952 2022] [ssl:warn] [pid 15:tid 140156104567872] AH01906: test.com:443:0 server certificate is a CA certificate (BasicConstraints: CA == TRUE !?)
[Thu Oct 27 15:15:09.091235 2022] [mpm_event:notice] [pid 15:tid 140156104567872] AH00489: Apache/2.4.41 (Ubuntu) OpenSSL/1.1.1f configured -- resuming normal operations
[Thu Oct 27 15:15:09.091355 2022] [core:notice] [pid 15:tid 140156104567872] AH00094: Command line: '/usr/sbin/apache2 -D FOREGROUND'
[Thu Oct 27 15:15:21.375972 2022] [mpm_event:notice] [pid 15:tid 140156104567872] AH00491: caught SIGTERM, shutting down
[Thu Oct 27 15:15:23.390372 2022] [ssl:warn] [pid 8:tid 140171322121280] AH01906: test.com:443:0 server certificate is a CA certificate (BasicConstraints: CA == TRUE !?)
AH00558: apache2: Could not reliably determine the server's fully qualified domain name, using 172.20.0.2. Set the 'ServerName' directive globally to suppress this message
[Thu Oct 27 15:15:23.396215 2022] [ssl:warn] [pid 8:tid 140171322121280] AH01906: test.com:443:0 server certificate is a CA certificate (BasicConstraints: CA == TRUE !?)
[Thu Oct 27 15:15:23.397368 2022] [mpm_event:notice] [pid 8:tid 140171322121280] AH00489: Apache/2.4.41 (Ubuntu) OpenSSL/1.1.1f configured -- resuming normal operations
[Thu Oct 27 15:15:23.397571 2022] [core:notice] [pid 8:tid 140171322121280] AH00094: Command line: '/usr/sbin/apache2 -D FOREGROUND'
[Thu Oct 27 15:17:29.842716 2022] [mpm_event:notice] [pid 8:tid 140171322121280] AH00493: SIGUSR1 received.  Doing graceful restart
AH00558: apache2: Could not reliably determine the server's fully qualified domain name, using 172.20.0.2. Set the 'ServerName' directive globally to suppress this message
[Thu Oct 27 15:17:29.849199 2022] [ssl:warn] [pid 8:tid 140171322121280] AH01906: localhost:443:0 server certificate is a CA certificate (BasicConstraints: CA == TRUE !?)
[Thu Oct 27 15:17:29.849375 2022] [ssl:warn] [pid 8:tid 140171322121280] AH01909: localhost:443:0 server certificate does NOT include an ID which matches the server name
[Thu Oct 27 15:17:29.849701 2022] [mpm_event:notice] [pid 8:tid 140171322121280] AH00489: Apache/2.4.41 (Ubuntu) OpenSSL/1.1.1f configured -- resuming normal operations
[Thu Oct 27 15:17:29.849827 2022] [core:notice] [pid 8:tid 140171322121280] AH00094: Command line: '/usr/sbin/apache2 -D FOREGROUND'
[Thu Oct 27 15:18:04.135538 2022] [mpm_event:notice] [pid 8:tid 140171322121280] AH00493: SIGUSR1 received.  Doing graceful restart
AH00558: apache2: Could not reliably determine the server's fully qualified domain name, using 172.20.0.2. Set the 'ServerName' directive globally to suppress this message
[Thu Oct 27 15:18:04.141065 2022] [ssl:warn] [pid 8:tid 140171322121280] AH01906: localhost:443:0 server certificate is a CA certificate (BasicConstraints: CA == TRUE !?)
[Thu Oct 27 15:18:04.141222 2022] [ssl:warn] [pid 8:tid 140171322121280] AH01909: localhost:443:0 server certificate does NOT include an ID which matches the server name
[Thu Oct 27 15:18:04.141495 2022] [mpm_event:notice] [pid 8:tid 140171322121280] AH00489: Apache/2.4.41 (Ubuntu) OpenSSL/1.1.1f configured -- resuming normal operations
[Thu Oct 27 15:18:04.141618 2022] [core:notice] [pid 8:tid 140171322121280] AH00094: Command line: '/usr/sbin/apache2 -D FOREGROUND'
[Thu Oct 27 15:19:14.791522 2022] [mpm_event:notice] [pid 8:tid 140171322121280] AH00493: SIGUSR1 received.  Doing graceful restart
AH00558: apache2: Could not reliably determine the server's fully qualified domain name, using 172.20.0.2. Set the 'ServerName' directive globally to suppress this message
[Thu Oct 27 15:19:14.798346 2022] [ssl:warn] [pid 8:tid 140171322121280] AH01906: localhost:443:0 server certificate is a CA certificate (BasicConstraints: CA == TRUE !?)
[Thu Oct 27 15:19:14.798505 2022] [ssl:warn] [pid 8:tid 140171322121280] AH01909: localhost:443:0 server certificate does NOT include an ID which matches the server name
[Thu Oct 27 15:19:14.798872 2022] [mpm_event:notice] [pid 8:tid 140171322121280] AH00489: Apache/2.4.41 (Ubuntu) OpenSSL/1.1.1f configured -- resuming normal operations
[Thu Oct 27 15:19:14.799006 2022] [core:notice] [pid 8:tid 140171322121280] AH00094: Command line: '/usr/sbin/apache2 -D FOREGROUND'
[Thu Oct 27 15:21:03.163222 2022] [mpm_event:notice] [pid 8:tid 140171322121280] AH00493: SIGUSR1 received.  Doing graceful restart
AH00558: apache2: Could not reliably determine the server's fully qualified domain name, using 172.20.0.2. Set the 'ServerName' directive globally to suppress this message
[Thu Oct 27 15:21:03.170331 2022] [ssl:warn] [pid 8:tid 140171322121280] AH01906: localhost:443:0 server certificate is a CA certificate (BasicConstraints: CA == TRUE !?)
[Thu Oct 27 15:21:03.170501 2022] [ssl:warn] [pid 8:tid 140171322121280] AH01909: localhost:443:0 server certificate does NOT include an ID which matches the server name
[Thu Oct 27 15:21:03.170725 2022] [mpm_event:notice] [pid 8:tid 140171322121280] AH00489: Apache/2.4.41 (Ubuntu) OpenSSL/1.1.1f configured -- resuming normal operations
[Thu Oct 27 15:21:03.170820 2022] [core:notice] [pid 8:tid 140171322121280] AH00094: Command line: '/usr/sbin/apache2 -D FOREGROUND'
[Thu Oct 27 15:21:51.266129 2022] [mpm_event:notice] [pid 8:tid 140171322121280] AH00493: SIGUSR1 received.  Doing graceful restart
AH00558: apache2: Could not reliably determine the server's fully qualified domain name, using 172.20.0.2. Set the 'ServerName' directive globally to suppress this message
[Thu Oct 27 15:21:51.270935 2022] [ssl:warn] [pid 8:tid 140171322121280] AH01906: localhost:443:0 server certificate is a CA certificate (BasicConstraints: CA == TRUE !?)
[Thu Oct 27 15:21:51.271065 2022] [ssl:warn] [pid 8:tid 140171322121280] AH01909: localhost:443:0 server certificate does NOT include an ID which matches the server name
[Thu Oct 27 15:21:51.271274 2022] [mpm_event:notice] [pid 8:tid 140171322121280] AH00489: Apache/2.4.41 (Ubuntu) OpenSSL/1.1.1f configured -- resuming normal operations
[Thu Oct 27 15:21:51.271384 2022] [core:notice] [pid 8:tid 140171322121280] AH00094: Command line: '/usr/sbin/apache2 -D FOREGROUND'
[Thu Oct 27 15:22:23.115387 2022] [mpm_event:notice] [pid 8:tid 140171322121280] AH00493: SIGUSR1 received.  Doing graceful restart
AH00558: apache2: Could not reliably determine the server's fully qualified domain name, using 172.20.0.2. Set the 'ServerName' directive globally to suppress this message
[Thu Oct 27 15:22:23.121785 2022] [ssl:warn] [pid 8:tid 140171322121280] AH01906: localhost:8084:0 server certificate is a CA certificate (BasicConstraints: CA == TRUE !?)
[Thu Oct 27 15:22:23.121936 2022] [ssl:warn] [pid 8:tid 140171322121280] AH01909: localhost:8084:0 server certificate does NOT include an ID which matches the server name
[Thu Oct 27 15:22:23.122193 2022] [mpm_event:notice] [pid 8:tid 140171322121280] AH00489: Apache/2.4.41 (Ubuntu) OpenSSL/1.1.1f configured -- resuming normal operations
[Thu Oct 27 15:22:23.122297 2022] [core:notice] [pid 8:tid 140171322121280] AH00094: Command line: '/usr/sbin/apache2 -D FOREGROUND'
[Thu Oct 27 15:23:20.956589 2022] [mpm_event:notice] [pid 8:tid 140171322121280] AH00493: SIGUSR1 received.  Doing graceful restart
AH00558: apache2: Could not reliably determine the server's fully qualified domain name, using 172.20.0.2. Set the 'ServerName' directive globally to suppress this message
[Thu Oct 27 15:23:20.961737 2022] [ssl:warn] [pid 8:tid 140171322121280] AH01906: localhost:8084:0 server certificate is a CA certificate (BasicConstraints: CA == TRUE !?)
[Thu Oct 27 15:23:20.961872 2022] [ssl:warn] [pid 8:tid 140171322121280] AH01909: localhost:8084:0 server certificate does NOT include an ID which matches the server name
[Thu Oct 27 15:23:20.962099 2022] [mpm_event:notice] [pid 8:tid 140171322121280] AH00489: Apache/2.4.41 (Ubuntu) OpenSSL/1.1.1f configured -- resuming normal operations
[Thu Oct 27 15:23:20.962215 2022] [core:notice] [pid 8:tid 140171322121280] AH00094: Command line: '/usr/sbin/apache2 -D FOREGROUND'
[Thu Oct 27 15:26:24.791118 2022] [mpm_event:notice] [pid 8:tid 140171322121280] AH00493: SIGUSR1 received.  Doing graceful restart
AH00558: apache2: Could not reliably determine the server's fully qualified domain name, using 172.20.0.2. Set the 'ServerName' directive globally to suppress this message
[Thu Oct 27 15:26:24.798173 2022] [ssl:warn] [pid 8:tid 140171322121280] AH01906: localhost:8084:0 server certificate is a CA certificate (BasicConstraints: CA == TRUE !?)
[Thu Oct 27 15:26:24.798356 2022] [ssl:warn] [pid 8:tid 140171322121280] AH01909: localhost:8084:0 server certificate does NOT include an ID which matches the server name
[Thu Oct 27 15:26:24.798730 2022] [mpm_event:notice] [pid 8:tid 140171322121280] AH00489: Apache/2.4.41 (Ubuntu) OpenSSL/1.1.1f configured -- resuming normal operations
[Thu Oct 27 15:26:24.798922 2022] [core:notice] [pid 8:tid 140171322121280] AH00094: Command line: '/usr/sbin/apache2 -D FOREGROUND'
[Thu Oct 27 15:27:07.105820 2022] [mpm_event:notice] [pid 8:tid 140171322121280] AH00493: SIGUSR1 received.  Doing graceful restart
AH00558: apache2: Could not reliably determine the server's fully qualified domain name, using 172.20.0.2. Set the 'ServerName' directive globally to suppress this message
[Thu Oct 27 15:27:07.111587 2022] [ssl:warn] [pid 8:tid 140171322121280] AH01906: localhost:443:0 server certificate is a CA certificate (BasicConstraints: CA == TRUE !?)
[Thu Oct 27 15:27:07.111922 2022] [ssl:warn] [pid 8:tid 140171322121280] AH01909: localhost:443:0 server certificate does NOT include an ID which matches the server name
[Thu Oct 27 15:27:07.112242 2022] [mpm_event:notice] [pid 8:tid 140171322121280] AH00489: Apache/2.4.41 (Ubuntu) OpenSSL/1.1.1f configured -- resuming normal operations
[Thu Oct 27 15:27:07.112422 2022] [core:notice] [pid 8:tid 140171322121280] AH00094: Command line: '/usr/sbin/apache2 -D FOREGROUND'
[Thu Oct 27 15:28:41.746986 2022] [mpm_event:notice] [pid 8:tid 140171322121280] AH00493: SIGUSR1 received.  Doing graceful restart
AH00558: apache2: Could not reliably determine the server's fully qualified domain name, using 172.20.0.2. Set the 'ServerName' directive globally to suppress this message
[Thu Oct 27 15:28:41.752204 2022] [ssl:warn] [pid 8:tid 140171322121280] AH01906: localhost:443:0 server certificate is a CA certificate (BasicConstraints: CA == TRUE !?)
[Thu Oct 27 15:28:41.752320 2022] [ssl:warn] [pid 8:tid 140171322121280] AH01909: localhost:443:0 server certificate does NOT include an ID which matches the server name
[Thu Oct 27 15:28:41.752567 2022] [mpm_event:notice] [pid 8:tid 140171322121280] AH00489: Apache/2.4.41 (Ubuntu) OpenSSL/1.1.1f configured -- resuming normal operations
[Thu Oct 27 15:28:41.752663 2022] [core:notice] [pid 8:tid 140171322121280] AH00094: Command line: '/usr/sbin/apache2 -D FOREGROUND'
[Thu Oct 27 15:30:56.224443 2022] [mpm_event:notice] [pid 8:tid 140171322121280] AH00493: SIGUSR1 received.  Doing graceful restart
AH00558: apache2: Could not reliably determine the server's fully qualified domain name, using 172.20.0.2. Set the 'ServerName' directive globally to suppress this message
[Thu Oct 27 15:30:56.229998 2022] [ssl:warn] [pid 8:tid 140171322121280] AH01906: test.com:443:0 server certificate is a CA certificate (BasicConstraints: CA == TRUE !?)
[Thu Oct 27 15:30:56.230275 2022] [mpm_event:notice] [pid 8:tid 140171322121280] AH00489: Apache/2.4.41 (Ubuntu) OpenSSL/1.1.1f configured -- resuming normal operations
[Thu Oct 27 15:30:56.230408 2022] [core:notice] [pid 8:tid 140171322121280] AH00094: Command line: '/usr/sbin/apache2 -D FOREGROUND'
[Thu Oct 27 15:34:03.003091 2022] [mpm_event:notice] [pid 8:tid 140171322121280] AH00493: SIGUSR1 received.  Doing graceful restart
AH00558: apache2: Could not reliably determine the server's fully qualified domain name, using 172.20.0.2. Set the 'ServerName' directive globally to suppress this message
[Thu Oct 27 15:34:03.009200 2022] [ssl:warn] [pid 8:tid 140171322121280] AH01906: test.com:443:0 server certificate is a CA certificate (BasicConstraints: CA == TRUE !?)
[Thu Oct 27 15:34:03.009553 2022] [mpm_event:notice] [pid 8:tid 140171322121280] AH00489: Apache/2.4.41 (Ubuntu) OpenSSL/1.1.1f configured -- resuming normal operations
[Thu Oct 27 15:34:03.009728 2022] [core:notice] [pid 8:tid 140171322121280] AH00094: Command line: '/usr/sbin/apache2 -D FOREGROUND'
[Thu Oct 27 15:35:32.037505 2022] [mpm_event:notice] [pid 8:tid 140171322121280] AH00493: SIGUSR1 received.  Doing graceful restart
AH00558: apache2: Could not reliably determine the server's fully qualified domain name, using 172.20.0.2. Set the 'ServerName' directive globally to suppress this message
[Thu Oct 27 15:35:32.043183 2022] [ssl:warn] [pid 8:tid 140171322121280] AH01906: localhost:8084:0 server certificate is a CA certificate (BasicConstraints: CA == TRUE !?)
[Thu Oct 27 15:35:32.043365 2022] [ssl:warn] [pid 8:tid 140171322121280] AH01909: localhost:8084:0 server certificate does NOT include an ID which matches the server name
[Thu Oct 27 15:35:32.043586 2022] [mpm_event:notice] [pid 8:tid 140171322121280] AH00489: Apache/2.4.41 (Ubuntu) OpenSSL/1.1.1f configured -- resuming normal operations
[Thu Oct 27 15:35:32.043703 2022] [core:notice] [pid 8:tid 140171322121280] AH00094: Command line: '/usr/sbin/apache2 -D FOREGROUND'
[Thu Oct 27 15:35:58.214189 2022] [mpm_event:notice] [pid 8:tid 140171322121280] AH00493: SIGUSR1 received.  Doing graceful restart
AH00558: apache2: Could not reliably determine the server's fully qualified domain name, using 172.20.0.2. Set the 'ServerName' directive globally to suppress this message
[Thu Oct 27 15:35:58.220142 2022] [ssl:warn] [pid 8:tid 140171322121280] AH01906: test2.com:443:0 server certificate is a CA certificate (BasicConstraints: CA == TRUE !?)
[Thu Oct 27 15:35:58.220287 2022] [ssl:warn] [pid 8:tid 140171322121280] AH01909: test2.com:443:0 server certificate does NOT include an ID which matches the server name
[Thu Oct 27 15:35:58.220580 2022] [mpm_event:notice] [pid 8:tid 140171322121280] AH00489: Apache/2.4.41 (Ubuntu) OpenSSL/1.1.1f configured -- resuming normal operations
[Thu Oct 27 15:35:58.220714 2022] [core:notice] [pid 8:tid 140171322121280] AH00094: Command line: '/usr/sbin/apache2 -D FOREGROUND'
[Thu Oct 27 15:36:28.201940 2022] [mpm_event:notice] [pid 8:tid 140171322121280] AH00493: SIGUSR1 received.  Doing graceful restart
AH00558: apache2: Could not reliably determine the server's fully qualified domain name, using 172.20.0.2. Set the 'ServerName' directive globally to suppress this message
[Thu Oct 27 15:36:28.207438 2022] [ssl:warn] [pid 8:tid 140171322121280] AH01906: test.com:443:0 server certificate is a CA certificate (BasicConstraints: CA == TRUE !?)
[Thu Oct 27 15:36:28.207696 2022] [mpm_event:notice] [pid 8:tid 140171322121280] AH00489: Apache/2.4.41 (Ubuntu) OpenSSL/1.1.1f configured -- resuming normal operations
[Thu Oct 27 15:36:28.207802 2022] [core:notice] [pid 8:tid 140171322121280] AH00094: Command line: '/usr/sbin/apache2 -D FOREGROUND'
[Thu Oct 27 16:04:56.063410 2022] [mpm_event:notice] [pid 8:tid 140171322121280] AH00493: SIGUSR1 received.  Doing graceful restart
AH00558: apache2: Could not reliably determine the server's fully qualified domain name, using 172.20.0.2. Set the 'ServerName' directive globally to suppress this message
[Thu Oct 27 16:04:56.069736 2022] [ssl:warn] [pid 8:tid 140171322121280] AH01906: test.com:443:0 server certificate is a CA certificate (BasicConstraints: CA == TRUE !?)
[Thu Oct 27 16:04:56.070060 2022] [mpm_event:notice] [pid 8:tid 140171322121280] AH00489: Apache/2.4.41 (Ubuntu) OpenSSL/1.1.1f configured -- resuming normal operations
[Thu Oct 27 16:04:56.070182 2022] [core:notice] [pid 8:tid 140171322121280] AH00094: Command line: '/usr/sbin/apache2 -D FOREGROUND'
[Thu Oct 27 16:06:48.847033 2022] [mpm_event:notice] [pid 8:tid 140171322121280] AH00491: caught SIGTERM, shutting down
[Fri Oct 28 09:26:34.166100 2022] [ssl:warn] [pid 9:tid 139669183179840] AH01906: test.com:443:0 server certificate is a CA certificate (BasicConstraints: CA == TRUE !?)
AH00558: apache2: Could not reliably determine the server's fully qualified domain name, using 172.20.0.2. Set the 'ServerName' directive globally to suppress this message
[Fri Oct 28 09:26:34.180565 2022] [ssl:warn] [pid 9:tid 139669183179840] AH01906: test.com:443:0 server certificate is a CA certificate (BasicConstraints: CA == TRUE !?)
[Fri Oct 28 09:26:34.181446 2022] [mpm_event:notice] [pid 9:tid 139669183179840] AH00489: Apache/2.4.41 (Ubuntu) OpenSSL/1.1.1f configured -- resuming normal operations
[Fri Oct 28 09:26:34.181604 2022] [core:notice] [pid 9:tid 139669183179840] AH00094: Command line: '/usr/sbin/apache2 -D FOREGROUND'
[Fri Oct 28 09:32:24.348514 2022] [mpm_event:notice] [pid 9:tid 139669183179840] AH00493: SIGUSR1 received.  Doing graceful restart
AH00558: apache2: Could not reliably determine the server's fully qualified domain name, using 172.20.0.2. Set the 'ServerName' directive globally to suppress this message
[Fri Oct 28 09:32:24.357105 2022] [ssl:warn] [pid 9:tid 139669183179840] AH01906: test.com:443:0 server certificate is a CA certificate (BasicConstraints: CA == TRUE !?)
[Fri Oct 28 09:32:24.357570 2022] [mpm_event:notice] [pid 9:tid 139669183179840] AH00489: Apache/2.4.41 (Ubuntu) OpenSSL/1.1.1f configured -- resuming normal operations
[Fri Oct 28 09:32:24.357722 2022] [core:notice] [pid 9:tid 139669183179840] AH00094: Command line: '/usr/sbin/apache2 -D FOREGROUND'
[Fri Oct 28 09:38:14.244697 2022] [mpm_event:notice] [pid 9:tid 139669183179840] AH00493: SIGUSR1 received.  Doing graceful restart
AH00558: apache2: Could not reliably determine the server's fully qualified domain name, using 172.20.0.2. Set the 'ServerName' directive globally to suppress this message
[Fri Oct 28 09:38:14.253339 2022] [ssl:warn] [pid 9:tid 139669183179840] AH01906: test.com:443:0 server certificate is a CA certificate (BasicConstraints: CA == TRUE !?)
[Fri Oct 28 09:38:14.253659 2022] [mpm_event:notice] [pid 9:tid 139669183179840] AH00489: Apache/2.4.41 (Ubuntu) OpenSSL/1.1.1f configured -- resuming normal operations
[Fri Oct 28 09:38:14.253795 2022] [core:notice] [pid 9:tid 139669183179840] AH00094: Command line: '/usr/sbin/apache2 -D FOREGROUND'
[Fri Oct 28 09:39:59.915151 2022] [mpm_event:notice] [pid 9:tid 139669183179840] AH00493: SIGUSR1 received.  Doing graceful restart
AH00558: apache2: Could not reliably determine the server's fully qualified domain name, using 172.20.0.2. Set the 'ServerName' directive globally to suppress this message
[Fri Oct 28 09:39:59.921605 2022] [ssl:warn] [pid 9:tid 139669183179840] AH01906: test.com:443:0 server certificate is a CA certificate (BasicConstraints: CA == TRUE !?)
[Fri Oct 28 09:39:59.921926 2022] [mpm_event:notice] [pid 9:tid 139669183179840] AH00489: Apache/2.4.41 (Ubuntu) OpenSSL/1.1.1f configured -- resuming normal operations
[Fri Oct 28 09:39:59.922088 2022] [core:notice] [pid 9:tid 139669183179840] AH00094: Command line: '/usr/sbin/apache2 -D FOREGROUND'
[Fri Oct 28 09:41:53.128402 2022] [mpm_event:notice] [pid 9:tid 139669183179840] AH00493: SIGUSR1 received.  Doing graceful restart
AH00558: apache2: Could not reliably determine the server's fully qualified domain name, using 172.20.0.2. Set the 'ServerName' directive globally to suppress this message
[Fri Oct 28 09:41:53.137992 2022] [ssl:warn] [pid 9:tid 139669183179840] AH01906: test.com:443:0 server certificate is a CA certificate (BasicConstraints: CA == TRUE !?)
[Fri Oct 28 09:41:53.138372 2022] [mpm_event:notice] [pid 9:tid 139669183179840] AH00489: Apache/2.4.41 (Ubuntu) OpenSSL/1.1.1f mod_wsgi/4.6.8 Python/2.7 configured -- resuming normal operations
[Fri Oct 28 09:41:53.138491 2022] [core:notice] [pid 9:tid 139669183179840] AH00094: Command line: '/usr/sbin/apache2 -D FOREGROUND'
[Fri Oct 28 09:43:07.144052 2022] [ssl:warn] [pid 15:tid 139774556765248] AH01906: test.com:443:0 server certificate is a CA certificate (BasicConstraints: CA == TRUE !?)
AH00558: apache2: Could not reliably determine the server's fully qualified domain name, using 172.19.0.2. Set the 'ServerName' directive globally to suppress this message
[Fri Oct 28 09:43:07.174410 2022] [ssl:warn] [pid 15:tid 139774556765248] AH01906: test.com:443:0 server certificate is a CA certificate (BasicConstraints: CA == TRUE !?)
[Fri Oct 28 09:43:07.175640 2022] [mpm_event:notice] [pid 15:tid 139774556765248] AH00489: Apache/2.4.41 (Ubuntu) OpenSSL/1.1.1f configured -- resuming normal operations
[Fri Oct 28 09:43:07.176216 2022] [core:notice] [pid 15:tid 139774556765248] AH00094: Command line: '/usr/sbin/apache2 -D FOREGROUND'
[Fri Oct 28 09:45:53.623077 2022] [mpm_event:notice] [pid 15:tid 139774556765248] AH00493: SIGUSR1 received.  Doing graceful restart
AH00558: apache2: Could not reliably determine the server's fully qualified domain name, using 172.19.0.2. Set the 'ServerName' directive globally to suppress this message
[Fri Oct 28 09:45:53.630722 2022] [ssl:warn] [pid 15:tid 139774556765248] AH01906: test.com:443:0 server certificate is a CA certificate (BasicConstraints: CA == TRUE !?)
[Fri Oct 28 09:45:53.631094 2022] [mpm_event:notice] [pid 15:tid 139774556765248] AH00489: Apache/2.4.41 (Ubuntu) OpenSSL/1.1.1f configured -- resuming normal operations
[Fri Oct 28 09:45:53.631222 2022] [core:notice] [pid 15:tid 139774556765248] AH00094: Command line: '/usr/sbin/apache2 -D FOREGROUND'
[Fri Oct 28 09:48:12.083323 2022] [mpm_event:notice] [pid 15:tid 139774556765248] AH00493: SIGUSR1 received.  Doing graceful restart
AH00558: apache2: Could not reliably determine the server's fully qualified domain name, using 172.19.0.2. Set the 'ServerName' directive globally to suppress this message
[Fri Oct 28 09:48:12.091347 2022] [ssl:warn] [pid 15:tid 139774556765248] AH01906: test.com:443:0 server certificate is a CA certificate (BasicConstraints: CA == TRUE !?)
[Fri Oct 28 09:48:12.091813 2022] [mpm_event:notice] [pid 15:tid 139774556765248] AH00489: Apache/2.4.41 (Ubuntu) OpenSSL/1.1.1f configured -- resuming normal operations
[Fri Oct 28 09:48:12.092060 2022] [core:notice] [pid 15:tid 139774556765248] AH00094: Command line: '/usr/sbin/apache2 -D FOREGROUND'
[Fri Oct 28 09:57:19.068445 2022] [ssl:warn] [pid 15:tid 139871650888768] AH01906: test.com:443:0 server certificate is a CA certificate (BasicConstraints: CA == TRUE !?)
AH00558: apache2: Could not reliably determine the server's fully qualified domain name, using 172.24.0.2. Set the 'ServerName' directive globally to suppress this message
[Fri Oct 28 09:57:19.077688 2022] [ssl:warn] [pid 15:tid 139871650888768] AH01906: test.com:443:0 server certificate is a CA certificate (BasicConstraints: CA == TRUE !?)
[Fri Oct 28 09:57:19.078816 2022] [mpm_event:notice] [pid 15:tid 139871650888768] AH00489: Apache/2.4.41 (Ubuntu) OpenSSL/1.1.1f configured -- resuming normal operations
[Fri Oct 28 09:57:19.079155 2022] [core:notice] [pid 15:tid 139871650888768] AH00094: Command line: '/usr/sbin/apache2 -D FOREGROUND'
[Fri Oct 28 09:57:53.879209 2022] [ssl:warn] [pid 15:tid 139762057804864] AH01906: test.com:443:0 server certificate is a CA certificate (BasicConstraints: CA == TRUE !?)
AH00558: apache2: Could not reliably determine the server's fully qualified domain name, using 172.26.0.2. Set the 'ServerName' directive globally to suppress this message
[Fri Oct 28 09:57:53.887648 2022] [ssl:warn] [pid 15:tid 139762057804864] AH01906: test.com:443:0 server certificate is a CA certificate (BasicConstraints: CA == TRUE !?)
[Fri Oct 28 09:57:53.889155 2022] [mpm_event:notice] [pid 15:tid 139762057804864] AH00489: Apache/2.4.41 (Ubuntu) OpenSSL/1.1.1f configured -- resuming normal operations
[Fri Oct 28 09:57:53.889420 2022] [core:notice] [pid 15:tid 139762057804864] AH00094: Command line: '/usr/sbin/apache2 -D FOREGROUND'
[Fri Oct 28 10:09:09.018166 2022] [mpm_event:notice] [pid 15:tid 139762057804864] AH00493: SIGUSR1 received.  Doing graceful restart
AH00558: apache2: Could not reliably determine the server's fully qualified domain name, using 172.26.0.2. Set the 'ServerName' directive globally to suppress this message
[Fri Oct 28 10:09:09.025883 2022] [ssl:warn] [pid 15:tid 139762057804864] AH01906: test.com:443:0 server certificate is a CA certificate (BasicConstraints: CA == TRUE !?)
[Fri Oct 28 10:09:09.026182 2022] [mpm_event:notice] [pid 15:tid 139762057804864] AH00489: Apache/2.4.41 (Ubuntu) OpenSSL/1.1.1f configured -- resuming normal operations
[Fri Oct 28 10:09:09.026309 2022] [core:notice] [pid 15:tid 139762057804864] AH00094: Command line: '/usr/sbin/apache2 -D FOREGROUND'
[Fri Oct 28 10:09:24.230791 2022] [mpm_event:notice] [pid 15:tid 139762057804864] AH00493: SIGUSR1 received.  Doing graceful restart
AH00558: apache2: Could not reliably determine the server's fully qualified domain name, using 172.26.0.2. Set the 'ServerName' directive globally to suppress this message
[Fri Oct 28 10:09:24.239216 2022] [ssl:warn] [pid 15:tid 139762057804864] AH01906: test.com:443:0 server certificate is a CA certificate (BasicConstraints: CA == TRUE !?)
[Fri Oct 28 10:09:24.239742 2022] [mpm_event:notice] [pid 15:tid 139762057804864] AH00489: Apache/2.4.41 (Ubuntu) OpenSSL/1.1.1f configured -- resuming normal operations
[Fri Oct 28 10:09:24.239891 2022] [core:notice] [pid 15:tid 139762057804864] AH00094: Command line: '/usr/sbin/apache2 -D FOREGROUND'
[Fri Oct 28 10:19:07.488292 2022] [ssl:warn] [pid 15:tid 139950574865472] AH01906: test.com:443:0 server certificate is a CA certificate (BasicConstraints: CA == TRUE !?)
AH00558: apache2: Could not reliably determine the server's fully qualified domain name, using 192.168.32.2. Set the 'ServerName' directive globally to suppress this message
[Fri Oct 28 10:19:07.495585 2022] [ssl:warn] [pid 15:tid 139950574865472] AH01906: test.com:443:0 server certificate is a CA certificate (BasicConstraints: CA == TRUE !?)
[Fri Oct 28 10:19:07.496424 2022] [mpm_event:notice] [pid 15:tid 139950574865472] AH00489: Apache/2.4.41 (Ubuntu) OpenSSL/1.1.1f configured -- resuming normal operations
[Fri Oct 28 10:19:07.496540 2022] [core:notice] [pid 15:tid 139950574865472] AH00094: Command line: '/usr/sbin/apache2 -D FOREGROUND'
[Fri Oct 28 10:23:51.946433 2022] [ssl:warn] [pid 15:tid 140259192962112] AH01906: test.com:443:0 server certificate is a CA certificate (BasicConstraints: CA == TRUE !?)
AH00558: apache2: Could not reliably determine the server's fully qualified domain name, using 192.168.80.3. Set the 'ServerName' directive globally to suppress this message
[Fri Oct 28 10:23:51.954792 2022] [ssl:warn] [pid 15:tid 140259192962112] AH01906: test.com:443:0 server certificate is a CA certificate (BasicConstraints: CA == TRUE !?)
[Fri Oct 28 10:23:51.955678 2022] [mpm_event:notice] [pid 15:tid 140259192962112] AH00489: Apache/2.4.41 (Ubuntu) OpenSSL/1.1.1f configured -- resuming normal operations
[Fri Oct 28 10:23:51.955812 2022] [core:notice] [pid 15:tid 140259192962112] AH00094: Command line: '/usr/sbin/apache2 -D FOREGROUND'
[Fri Oct 28 11:07:27.153323 2022] [ssl:warn] [pid 15:tid 139644766673984] AH01909: test.com:443:0 server certificate does NOT include an ID which matches the server name
AH00558: apache2: Could not reliably determine the server's fully qualified domain name, using 192.168.112.3. Set the 'ServerName' directive globally to suppress this message
[Fri Oct 28 11:07:27.160477 2022] [ssl:warn] [pid 15:tid 139644766673984] AH01909: test.com:443:0 server certificate does NOT include an ID which matches the server name
[Fri Oct 28 11:07:27.161540 2022] [mpm_event:notice] [pid 15:tid 139644766673984] AH00489: Apache/2.4.41 (Ubuntu) OpenSSL/1.1.1f configured -- resuming normal operations
[Fri Oct 28 11:07:27.161738 2022] [core:notice] [pid 15:tid 139644766673984] AH00094: Command line: '/usr/sbin/apache2 -D FOREGROUND'
[Fri Oct 28 11:10:07.545964 2022] [mpm_event:notice] [pid 15:tid 139644766673984] AH00493: SIGUSR1 received.  Doing graceful restart
AH00558: apache2: Could not reliably determine the server's fully qualified domain name, using 192.168.112.3. Set the 'ServerName' directive globally to suppress this message
[Fri Oct 28 11:10:07.553037 2022] [ssl:warn] [pid 15:tid 139644766673984] AH01909: test.com:443:0 server certificate does NOT include an ID which matches the server name
[Fri Oct 28 11:10:07.553396 2022] [mpm_event:notice] [pid 15:tid 139644766673984] AH00489: Apache/2.4.41 (Ubuntu) OpenSSL/1.1.1f configured -- resuming normal operations
[Fri Oct 28 11:10:07.553536 2022] [core:notice] [pid 15:tid 139644766673984] AH00094: Command line: '/usr/sbin/apache2 -D FOREGROUND'
[Fri Oct 28 11:10:34.787063 2022] [mpm_event:notice] [pid 15:tid 139644766673984] AH00493: SIGUSR1 received.  Doing graceful restart
AH00558: apache2: Could not reliably determine the server's fully qualified domain name, using 192.168.112.3. Set the 'ServerName' directive globally to suppress this message
[Fri Oct 28 11:10:34.796510 2022] [ssl:warn] [pid 15:tid 139644766673984] AH01909: test.com:443:0 server certificate does NOT include an ID which matches the server name
[Fri Oct 28 11:10:34.796775 2022] [mpm_event:notice] [pid 15:tid 139644766673984] AH00489: Apache/2.4.41 (Ubuntu) OpenSSL/1.1.1f configured -- resuming normal operations
[Fri Oct 28 11:10:34.796947 2022] [core:notice] [pid 15:tid 139644766673984] AH00094: Command line: '/usr/sbin/apache2 -D FOREGROUND'
[Fri Oct 28 11:23:40.751910 2022] [ssl:warn] [pid 15:tid 139888576470080] AH01909: test.com:443:0 server certificate does NOT include an ID which matches the server name
AH00558: apache2: Could not reliably determine the server's fully qualified domain name, using 192.168.144.2. Set the 'ServerName' directive globally to suppress this message
[Fri Oct 28 11:23:40.759264 2022] [ssl:warn] [pid 15:tid 139888576470080] AH01909: test.com:443:0 server certificate does NOT include an ID which matches the server name
[Fri Oct 28 11:23:40.760712 2022] [mpm_event:notice] [pid 15:tid 139888576470080] AH00489: Apache/2.4.41 (Ubuntu) OpenSSL/1.1.1f configured -- resuming normal operations
[Fri Oct 28 11:23:40.760935 2022] [core:notice] [pid 15:tid 139888576470080] AH00094: Command line: '/usr/sbin/apache2 -D FOREGROUND'
