aws_security_group.vlm_sg_front: Creating...
aws_security_group.vlm_sg_front: Creation complete after 5s [id=sg-010d9f8799f734dd8]
aws_security_group.vlm_sg_back: Creating...
aws_instance.web: Creating...
aws_security_group.vlm_sg_back: Creation complete after 3s [id=sg-0720fcf1cc6b0e974]
aws_security_group.vlm_sg_db: Creating...
aws_security_group.vlm_sg_db: Creation complete after 4s [id=sg-0591545ac22f3a5ce]
aws_instance.db: Creating...
aws_instance.web: Still creating... [10s elapsed]
aws_instance.db: Still creating... [10s elapsed]
aws_instance.web: Still creating... [20s elapsed]
aws_instance.db: Still creating... [20s elapsed]
aws_instance.web: Still creating... [30s elapsed]
aws_instance.db: Still creating... [30s elapsed]
aws_instance.web: Still creating... [40s elapsed]
aws_instance.db: Creation complete after 34s [id=i-0e4f7a52d7ef52a1d]
aws_instance.web: Provisioning with 'file'...
aws_instance.web: Still creating... [50s elapsed]
aws_instance.web: Provisioning with 'remote-exec'...
aws_instance.web (remote-exec): Connecting to remote host via SSH...
aws_instance.web (remote-exec):   Host: 44.203.153.212
aws_instance.web (remote-exec):   User: ubuntu
aws_instance.web (remote-exec):   Password: false
aws_instance.web (remote-exec):   Private key: true
aws_instance.web (remote-exec):   Certificate: false
aws_instance.web (remote-exec):   SSH Agent: false
aws_instance.web (remote-exec):   Checking Host Key: false
aws_instance.web (remote-exec):   Target Platform: unix
aws_instance.web (remote-exec): Connected!
aws_instance.web (remote-exec): 0% [Working]
aws_instance.web (remote-exec): Hit:1 http://archive.ubuntu.com/ubuntu focal InRelease
aws_instance.web (remote-exec): 0% [Connecting to security.ubuntu.com (
aws_instance.web (remote-exec): Get:2 http://archive.ubuntu.com/ubuntu focal-updates InRelease [114 kB]
aws_instance.web (remote-exec): 0% [2 InRelease 15.6 kB/114 kB 14%] [Co
aws_instance.web (remote-exec): 0% [Connecting to archive.ubuntu.com (1
aws_instance.web (remote-exec): Get:3 http://security.ubuntu.com/ubuntu focal-security InRelease [114 kB]
aws_instance.web (remote-exec): 0% [Connecting to archive.ubuntu.com (1
aws_instance.web (remote-exec): Get:4 http://archive.ubuntu.com/ubuntu focal-backports InRelease [108 kB]
aws_instance.web (remote-exec): 0% [4 InRelease 14.2 kB/108 kB 13%] [3
aws_instance.web (remote-exec): 0% [4 InRelease 14.2 kB/108 kB 13%] [3
aws_instance.web (remote-exec): 0% [4 InRelease 48.9 kB/108 kB 45%]
aws_instance.web (remote-exec): 0% [Working]
aws_instance.web (remote-exec): 0% [Waiting for headers]
aws_instance.web (remote-exec): Get:5 http://archive.ubuntu.com/ubuntu focal/universe amd64 Packages [8628 kB]
aws_instance.web (remote-exec): 0% [5 Packages 2685 B/8628 kB 0%]
aws_instance.web (remote-exec): 0% [5 Packages 269 kB/8628 kB 3%]
aws_instance.web (remote-exec): Get:6 http://security.ubuntu.com/ubuntu focal-security/main amd64 Packages [1968 kB]
aws_instance.web (remote-exec): 0% [5 Packages 601 kB/8628 kB 7%] [6 Pa
aws_instance.web (remote-exec): 27% [5 Packages 4342 kB/8628 kB 50%] [6
aws_instance.web (remote-exec): 45% [5 Packages 8628 kB/8628 kB 100%]
aws_instance.web (remote-exec): 45% [6 Packages store 0 B] [5 Packages
aws_instance.web (remote-exec): 45% [6 Packages store 0 B] [Waiting for
aws_instance.web (remote-exec): Get:7 http://security.ubuntu.com/ubuntu focal-security/main Translation-en [322 kB]
aws_instance.web (remote-exec): 46% [6 Packages store 0 B] [Waiting for
aws_instance.web (remote-exec): Get:8 http://archive.ubuntu.com/ubuntu focal/universe Translation-en [5124 kB]
aws_instance.web (remote-exec): 46% [6 Packages store 0 B] [8 Translati
aws_instance.web (remote-exec): 46% [6 Packages store 0 B] [8 Translati
aws_instance.web (remote-exec): Get:9 http://security.ubuntu.com/ubuntu focal-security/main amd64 c-n-f Metadata [12.0 kB]
aws_instance.web (remote-exec): 46% [6 Packages store 0 B] [8 Translati
aws_instance.web (remote-exec): 47% [6 Packages store 0 B] [8 Translati
aws_instance.web (remote-exec): Get:10 http://security.ubuntu.com/ubuntu focal-security/restricted amd64 Packages [1467 kB]
aws_instance.web (remote-exec): 47% [6 Packages store 0 B] [8 Translati
aws_instance.web (remote-exec): 55% [6 Packages store 0 B] [8 Translati
aws_instance.web (remote-exec): Get:11 http://security.ubuntu.com/ubuntu focal-security/restricted Translation-en [207 kB]
aws_instance.web (remote-exec): 57% [6 Packages store 0 B] [8 Translati
aws_instance.web (remote-exec): 57% [6 Packages store 0 B] [8 Translati
aws_instance.web (remote-exec): Get:12 http://security.ubuntu.com/ubuntu focal-security/restricted amd64 c-n-f Metadata [624 B]
aws_instance.web (remote-exec): 57% [6 Packages store 0 B] [8 Translati
aws_instance.web (remote-exec): 57% [6 Packages store 0 B] [8 Translati
aws_instance.web (remote-exec): Get:13 http://security.ubuntu.com/ubuntu focal-security/universe amd64 Packages [792 kB]
aws_instance.web (remote-exec): 57% [6 Packages store 0 B] [8 Translati
aws_instance.web (remote-exec): 62% [6 Packages store 0 B] [8 Translati
aws_instance.web (remote-exec): Get:14 http://security.ubuntu.com/ubuntu focal-security/universe Translation-en [154 kB]
aws_instance.web (remote-exec): 62% [6 Packages store 0 B] [8 Translati
aws_instance.web (remote-exec): 63% [6 Packages store 0 B] [8 Translati
aws_instance.web (remote-exec): Get:15 http://security.ubuntu.com/ubuntu focal-security/universe amd64 c-n-f Metadata [17.0 kB]
aws_instance.web (remote-exec): 63% [6 Packages store 0 B] [8 Translati
aws_instance.web (remote-exec): 63% [6 Packages store 0 B] [8 Translati
aws_instance.web (remote-exec): Get:16 http://security.ubuntu.com/ubuntu focal-security/multiverse amd64 Packages [22.2 kB]
aws_instance.web (remote-exec): 63% [6 Packages store 0 B] [8 Translati
aws_instance.web (remote-exec): 63% [6 Packages store 0 B] [8 Translati
aws_instance.web (remote-exec): Get:17 http://security.ubuntu.com/ubuntu focal-security/multiverse Translation-en [5464 B]
aws_instance.web (remote-exec): 64% [6 Packages store 0 B] [8 Translati
aws_instance.web (remote-exec): 64% [6 Packages store 0 B] [8 Translati
aws_instance.web (remote-exec): Get:18 http://security.ubuntu.com/ubuntu focal-security/multiverse amd64 c-n-f Metadata [516 B]
aws_instance.web (remote-exec): 64% [6 Packages store 0 B] [8 Translati
aws_instance.web (remote-exec): 64% [6 Packages store 0 B] [8 Translati
aws_instance.web (remote-exec): 71% [6 Packages store 0 B]
aws_instance.web (remote-exec): Get:19 http://archive.ubuntu.com/ubuntu focal/universe amd64 c-n-f Metadata [265 kB]
aws_instance.web (remote-exec): 71% [6 Packages store 0 B] [19 Commands
aws_instance.web (remote-exec): 71% [6 Packages store 0 B] [Waiting for
aws_instance.web (remote-exec): Get:20 http://archive.ubuntu.com/ubuntu focal/multiverse amd64 Packages [144 kB]
aws_instance.web (remote-exec): 72% [6 Packages store 0 B] [20 Packages
aws_instance.web (remote-exec): 72% [6 Packages store 0 B]
aws_instance.web (remote-exec): 72% [Waiting for headers]
aws_instance.web (remote-exec): 72% [5 Packages store 0 B] [Waiting for
aws_instance.web (remote-exec): Get:21 http://archive.ubuntu.com/ubuntu focal/multiverse Translation-en [104 kB]
aws_instance.web (remote-exec): 72% [5 Packages store 0 B] [21 Translat
aws_instance.web (remote-exec): 72% [5 Packages store 0 B]
aws_instance.web (remote-exec): Get:22 http://archive.ubuntu.com/ubuntu focal/multiverse amd64 c-n-f Metadata [9136 B]
aws_instance.web (remote-exec): 72% [5 Packages store 0 B] [Waiting for
aws_instance.web (remote-exec): Get:23 http://archive.ubuntu.com/ubuntu focal-updates/main amd64 Packages [2345 kB]
aws_instance.web (remote-exec): 73% [5 Packages store 0 B] [23 Packages
aws_instance.web (remote-exec): 80% [5 Packages store 0 B] [Waiting for
aws_instance.web (remote-exec): Get:24 http://archive.ubuntu.com/ubuntu focal-updates/main Translation-en [405 kB]
aws_instance.web: Still creating... [1m0s elapsed]
aws_instance.web (remote-exec): 80% [5 Packages store 0 B] [24 Translat
aws_instance.web (remote-exec): 81% [5 Packages store 0 B] [Waiting for
aws_instance.web (remote-exec): Get:25 http://archive.ubuntu.com/ubuntu focal-updates/main amd64 c-n-f Metadata [16.3 kB]
aws_instance.web (remote-exec): 81% [5 Packages store 0 B] [Waiting for
aws_instance.web (remote-exec): Get:26 http://archive.ubuntu.com/ubuntu focal-updates/restricted amd64 Packages [1564 kB]
aws_instance.web (remote-exec): 81% [5 Packages store 0 B] [26 Packages
aws_instance.web (remote-exec): 86% [5 Packages store 0 B]
aws_instance.web (remote-exec): Get:27 http://archive.ubuntu.com/ubuntu focal-updates/restricted Translation-en [221 kB]
aws_instance.web (remote-exec): 86% [5 Packages store 0 B] [27 Translat
aws_instance.web (remote-exec): 87% [5 Packages store 0 B]
aws_instance.web (remote-exec): Get:28 http://archive.ubuntu.com/ubuntu focal-updates/restricted amd64 c-n-f Metadata [620 B]
aws_instance.web (remote-exec): 87% [5 Packages store 0 B]
aws_instance.web (remote-exec): Get:29 http://archive.ubuntu.com/ubuntu focal-updates/universe amd64 Packages [1021 kB]
aws_instance.web (remote-exec): 87% [5 Packages store 0 B] [29 Packages
aws_instance.web (remote-exec): 90% [5 Packages store 0 B] [Waiting for
aws_instance.web (remote-exec): Get:30 http://archive.ubuntu.com/ubuntu focal-updates/universe Translation-en [237 kB]
aws_instance.web (remote-exec): 90% [5 Packages store 0 B] [30 Translat
aws_instance.web (remote-exec): 91% [5 Packages store 0 B] [Waiting for
aws_instance.web (remote-exec): Get:31 http://archive.ubuntu.com/ubuntu focal-updates/universe amd64 c-n-f Metadata [23.5 kB]
aws_instance.web (remote-exec): 91% [5 Packages store 0 B] [Waiting for
aws_instance.web (remote-exec): Get:32 http://archive.ubuntu.com/ubuntu focal-updates/multiverse amd64 Packages [25.2 kB]
aws_instance.web (remote-exec): 91% [5 Packages store 0 B] [32 Packages
aws_instance.web (remote-exec): 91% [5 Packages store 0 B]
aws_instance.web (remote-exec): Get:33 http://archive.ubuntu.com/ubuntu focal-updates/multiverse Translation-en [7408 B]
aws_instance.web (remote-exec): 91% [5 Packages store 0 B] [Waiting for
aws_instance.web (remote-exec): Get:34 http://archive.ubuntu.com/ubuntu focal-updates/multiverse amd64 c-n-f Metadata [604 B]
aws_instance.web (remote-exec): 91% [5 Packages store 0 B] [Waiting for
aws_instance.web (remote-exec): Get:35 http://archive.ubuntu.com/ubuntu focal-backports/main amd64 Packages [45.7 kB]
aws_instance.web (remote-exec): 91% [5 Packages store 0 B] [Waiting for
aws_instance.web (remote-exec): Get:36 http://archive.ubuntu.com/ubuntu focal-backports/main Translation-en [16.3 kB]
aws_instance.web (remote-exec): 91% [5 Packages store 0 B] [Waiting for
aws_instance.web (remote-exec): Get:37 http://archive.ubuntu.com/ubuntu focal-backports/main amd64 c-n-f Metadata [1420 B]
aws_instance.web (remote-exec): 91% [5 Packages store 0 B] [Waiting for
aws_instance.web (remote-exec): Get:38 http://archive.ubuntu.com/ubuntu focal-backports/restricted amd64 c-n-f Metadata [116 B]
aws_instance.web (remote-exec): 91% [5 Packages store 0 B] [Waiting for
aws_instance.web (remote-exec): Get:39 http://archive.ubuntu.com/ubuntu focal-backports/universe amd64 Packages [24.9 kB]
aws_instance.web (remote-exec): 91% [5 Packages store 0 B]
aws_instance.web (remote-exec): Get:40 http://archive.ubuntu.com/ubuntu focal-backports/universe Translation-en [16.3 kB]
aws_instance.web (remote-exec): 91% [5 Packages store 0 B] [Waiting for
aws_instance.web (remote-exec): Get:41 http://archive.ubuntu.com/ubuntu focal-backports/universe amd64 c-n-f Metadata [880 B]
aws_instance.web (remote-exec): 91% [5 Packages store 0 B] [Waiting for
aws_instance.web (remote-exec): Get:42 http://archive.ubuntu.com/ubuntu focal-backports/multiverse amd64 c-n-f Metadata [116 B]
aws_instance.web (remote-exec): 91% [5 Packages store 0 B]
aws_instance.web (remote-exec): 91% [5 Packages store 0 B]
aws_instance.web (remote-exec): 91% [Working]
aws_instance.web (remote-exec): 91% [7 Translation-en store 0 B]
aws_instance.web (remote-exec): 92% [Working]
aws_instance.web (remote-exec): 92% [9 Commands-amd64 store 0 B]
aws_instance.web (remote-exec): 92% [Working]
aws_instance.web (remote-exec): 92% [10 Packages store 0 B]
aws_instance.web (remote-exec): 92% [Working]
aws_instance.web (remote-exec): 92% [11 Translation-en store 0 B]
aws_instance.web (remote-exec): 92% [Working]
aws_instance.web (remote-exec): 92% [12 Commands-amd64 store 0 B]
aws_instance.web (remote-exec): 93% [Working]
aws_instance.web (remote-exec): 93% [13 Packages store 0 B]
aws_instance.web (remote-exec): 93% [Working]
aws_instance.web (remote-exec): 93% [14 Translation-en store 0 B]
aws_instance.web (remote-exec): 93% [Working]
aws_instance.web (remote-exec): 93% [15 Commands-amd64 store 0 B]
aws_instance.web (remote-exec): 93% [Working]
aws_instance.web (remote-exec): 93% [16 Packages store 0 B]
aws_instance.web (remote-exec): 94% [Working]
aws_instance.web (remote-exec): 94% [17 Translation-en store 0 B]
aws_instance.web (remote-exec): 94% [Working]
aws_instance.web (remote-exec): 94% [18 Commands-amd64 store 0 B]
aws_instance.web (remote-exec): 94% [Working]
aws_instance.web (remote-exec): 94% [8 Translation-en store 0 B]
aws_instance.web (remote-exec): 94% [8 Translation-en store 0 B]
aws_instance.web (remote-exec): 94% [Working]
aws_instance.web (remote-exec): 94% [19 Commands-amd64 store 0 B]
aws_instance.web (remote-exec): 95% [Working]
aws_instance.web (remote-exec): 95% [20 Packages store 0 B]
aws_instance.web (remote-exec): 95% [Working]
aws_instance.web (remote-exec): 95% [21 Translation-en store 0 B]
aws_instance.web (remote-exec): 95% [Working]
aws_instance.web (remote-exec): 95% [22 Commands-amd64 store 0 B]
aws_instance.web (remote-exec): 95% [Working]
aws_instance.web (remote-exec): 95% [23 Packages store 0 B]
aws_instance.web (remote-exec): 95% [Working]              4123 kB/s 0s
aws_instance.web (remote-exec): 95% [24 Translation-en store 0 B]
aws_instance.web (remote-exec): 96% [Working]              4123 kB/s 0s
aws_instance.web (remote-exec): 96% [25 Commands-amd64 store 0 B]
aws_instance.web (remote-exec): 96% [Working]              4123 kB/s 0s
aws_instance.web (remote-exec): 96% [26 Packages store 0 B]
aws_instance.web (remote-exec): 96% [Working]              4123 kB/s 0s
aws_instance.web (remote-exec): 96% [27 Translation-en store 0 B]
aws_instance.web (remote-exec): 96% [Working]              4123 kB/s 0s
aws_instance.web (remote-exec): 96% [28 Commands-amd64 store 0 B]
aws_instance.web (remote-exec): 97% [Working]              4123 kB/s 0s
aws_instance.web (remote-exec): 97% [29 Packages store 0 B]
aws_instance.web (remote-exec): 97% [Working]              4123 kB/s 0s
aws_instance.web (remote-exec): 97% [30 Translation-en store 0 B]
aws_instance.web (remote-exec): 97% [Working]              4123 kB/s 0s
aws_instance.web (remote-exec): 97% [31 Commands-amd64 store 0 B]
aws_instance.web (remote-exec): 97% [Working]              4123 kB/s 0s
aws_instance.web (remote-exec): 97% [32 Packages store 0 B]
aws_instance.web (remote-exec): 98% [Working]              4123 kB/s 0s
aws_instance.web (remote-exec): 98% [33 Translation-en store 0 B]
aws_instance.web (remote-exec): 98% [Working]              4123 kB/s 0s
aws_instance.web (remote-exec): 98% [34 Commands-amd64 store 0 B]
aws_instance.web (remote-exec): 98% [Working]              4123 kB/s 0s
aws_instance.web (remote-exec): 98% [35 Packages store 0 B]
aws_instance.web (remote-exec): 98% [Working]              4123 kB/s 0s
aws_instance.web (remote-exec): 98% [36 Translation-en store 0 B]
aws_instance.web (remote-exec): 99% [Working]              4123 kB/s 0s
aws_instance.web (remote-exec): 99% [37 Commands-amd64 store 0 B]
aws_instance.web (remote-exec): 99% [Working]              4123 kB/s 0s
aws_instance.web (remote-exec): 99% [38 Commands-amd64 store 0 B]
aws_instance.web (remote-exec): 99% [Working]              4123 kB/s 0s
aws_instance.web (remote-exec): 99% [39 Packages store 0 B]
aws_instance.web (remote-exec): 99% [Working]              4123 kB/s 0s
aws_instance.web (remote-exec): 99% [40 Translation-en store 0 B]
aws_instance.web (remote-exec): 100% [Working]             4123 kB/s 0s
aws_instance.web (remote-exec): 100% [41 Commands-amd64 store 0 B]
aws_instance.web (remote-exec): 100% [Working]             4123 kB/s 0s
aws_instance.web (remote-exec): 100% [42 Commands-amd64 store 0 B]
aws_instance.web (remote-exec): 100% [Working]             4123 kB/s 0s
aws_instance.web (remote-exec): Fetched 25.6 MB in 7s (3734 kB/s)
aws_instance.web (remote-exec): Reading package lists... 0%
aws_instance.web (remote-exec): Reading package lists... 0%
aws_instance.web (remote-exec): Reading package lists... 0%
aws_instance.web (remote-exec): Reading package lists... 31%
aws_instance.web (remote-exec): Reading package lists... 31%
aws_instance.web (remote-exec): Reading package lists... 48%
aws_instance.web (remote-exec): Reading package lists... 48%
aws_instance.web (remote-exec): Reading package lists... 48%
aws_instance.web (remote-exec): Reading package lists... 48%
aws_instance.web (remote-exec): Reading package lists... 49%
aws_instance.web (remote-exec): Reading package lists... 49%
aws_instance.web: Still creating... [1m10s elapsed]
aws_instance.web (remote-exec): Reading package lists... 57%
aws_instance.web (remote-exec): Reading package lists... 57%
aws_instance.web (remote-exec): Reading package lists... 62%
aws_instance.web (remote-exec): Reading package lists... 62%
aws_instance.web (remote-exec): Reading package lists... 62%
aws_instance.web (remote-exec): Reading package lists... 68%
aws_instance.web (remote-exec): Reading package lists... 68%
aws_instance.web (remote-exec): Reading package lists... 70%
aws_instance.web (remote-exec): Reading package lists... 70%
aws_instance.web (remote-exec): Reading package lists... 74%
aws_instance.web (remote-exec): Reading package lists... 74%
aws_instance.web (remote-exec): Reading package lists... 75%
aws_instance.web (remote-exec): Reading package lists... 75%
aws_instance.web (remote-exec): Reading package lists... 75%
aws_instance.web (remote-exec): Reading package lists... 75%
aws_instance.web (remote-exec): Reading package lists... 75%
aws_instance.web (remote-exec): Reading package lists... 75%
aws_instance.web (remote-exec): Reading package lists... 76%
aws_instance.web (remote-exec): Reading package lists... 76%
aws_instance.web (remote-exec): Reading package lists... 76%
aws_instance.web (remote-exec): Reading package lists... 76%
aws_instance.web (remote-exec): Reading package lists... 76%
aws_instance.web (remote-exec): Reading package lists... 76%
aws_instance.web (remote-exec): Reading package lists... 76%
aws_instance.web (remote-exec): Reading package lists... 76%
aws_instance.web (remote-exec): Reading package lists... 82%
aws_instance.web (remote-exec): Reading package lists... 82%
aws_instance.web (remote-exec): Reading package lists... 87%
aws_instance.web (remote-exec): Reading package lists... 87%
aws_instance.web (remote-exec): Reading package lists... 93%
aws_instance.web (remote-exec): Reading package lists... 93%
aws_instance.web (remote-exec): Reading package lists... 95%
aws_instance.web (remote-exec): Reading package lists... 95%
aws_instance.web (remote-exec): Reading package lists... 98%
aws_instance.web (remote-exec): Reading package lists... 98%
aws_instance.web (remote-exec): Reading package lists... 99%
aws_instance.web (remote-exec): Reading package lists... 99%
aws_instance.web (remote-exec): Reading package lists... 99%
aws_instance.web (remote-exec): Reading package lists... 99%
aws_instance.web (remote-exec): Reading package lists... 99%
aws_instance.web (remote-exec): Reading package lists... 99%
aws_instance.web (remote-exec): Reading package lists... Done
aws_instance.web (remote-exec): Reading package lists... 0%
aws_instance.web (remote-exec): Reading package lists... 0%
aws_instance.web (remote-exec): Reading package lists... 0%
aws_instance.web (remote-exec): Reading package lists... 28%
aws_instance.web (remote-exec): Reading package lists... 28%
aws_instance.web (remote-exec): Reading package lists... 48%
aws_instance.web (remote-exec): Reading package lists... 48%
aws_instance.web (remote-exec): Reading package lists... 71%
aws_instance.web (remote-exec): Reading package lists... 71%
aws_instance.web (remote-exec): Reading package lists... 81%
aws_instance.web (remote-exec): Reading package lists... 81%
aws_instance.web (remote-exec): Reading package lists... 94%
aws_instance.web (remote-exec): Reading package lists... 94%
aws_instance.web (remote-exec): Reading package lists... 97%
aws_instance.web (remote-exec): Reading package lists... 97%
aws_instance.web (remote-exec): Reading package lists... 98%
aws_instance.web (remote-exec): Reading package lists... 98%
aws_instance.web (remote-exec): Reading package lists... 98%
aws_instance.web (remote-exec): Reading package lists... 98%
aws_instance.web (remote-exec): Reading package lists... Done
aws_instance.web (remote-exec): Building dependency tree... 0%
aws_instance.web (remote-exec): Building dependency tree... 0%
aws_instance.web (remote-exec): Building dependency tree... 50%
aws_instance.web (remote-exec): Building dependency tree... 50%
aws_instance.web (remote-exec): Building dependency tree
aws_instance.web (remote-exec): Reading state information... 0%
aws_instance.web (remote-exec): Reading state information... 0%
aws_instance.web (remote-exec): Reading state information... Done
aws_instance.web (remote-exec): The following additional packages will be installed:
aws_instance.web (remote-exec):   libnginx-mod-http-echo nginx-common
aws_instance.web (remote-exec):   nginx-light
aws_instance.web (remote-exec): Suggested packages:
aws_instance.web (remote-exec):   fcgiwrap nginx-doc ssl-cert
aws_instance.web (remote-exec): The following NEW packages will be installed:
aws_instance.web (remote-exec):   libnginx-mod-http-echo nginx
aws_instance.web (remote-exec):   nginx-common nginx-light
aws_instance.web (remote-exec): 0 upgraded, 4 newly installed, 0 to remove and 18 not upgraded.
aws_instance.web (remote-exec): Need to get 464 kB of archives.
aws_instance.web (remote-exec): After this operation, 1614 kB of additional disk space will be used.
aws_instance.web (remote-exec): 0% [Working]
aws_instance.web (remote-exec): Get:1 http://security.ubuntu.com/ubuntu focal-security/main amd64 nginx-common all 1.18.0-0ubuntu1.4 [37.7 kB]
aws_instance.web (remote-exec): 0% [1 nginx-common 0 B/37.7 kB 0%]
aws_instance.web (remote-exec): 12% [Working]
aws_instance.web (remote-exec): Get:2 http://security.ubuntu.com/ubuntu focal-security/universe amd64 libnginx-mod-http-echo amd64 1.18.0-0ubuntu1.4 [21.5 kB]
aws_instance.web (remote-exec): 12% [2 libnginx-mod-http-echo 0 B/21.5
aws_instance.web (remote-exec): 20% [Working]
aws_instance.web (remote-exec): Get:3 http://security.ubuntu.com/ubuntu focal-security/universe amd64 nginx-light amd64 1.18.0-0ubuntu1.4 [402 kB]     
aws_instance.web (remote-exec): 20% [3 nginx-light 0 B/402 kB 0%]
aws_instance.web (remote-exec): 94% [Working]
aws_instance.web (remote-exec): Get:4 http://security.ubuntu.com/ubuntu focal-security/main amd64 nginx all 1.18.0-0ubuntu1.4 [3620 B]
aws_instance.web (remote-exec): 94% [4 nginx 0 B/3620 B 0%]
aws_instance.web (remote-exec): 100% [Working]
aws_instance.web (remote-exec): Fetched 464 kB in 0s (3615 kB/s)
aws_instance.web (remote-exec): Preconfiguring packages ...
aws_instance.web (remote-exec): Selecting previously unselected package nginx-common.
aws_instance.web (remote-exec): (Reading database ...
aws_instance.web (remote-exec): (Reading database ... 5%
aws_instance.web (remote-exec): (Reading database ... 10%
aws_instance.web (remote-exec): (Reading database ... 15%
aws_instance.web (remote-exec): (Reading database ... 20%
aws_instance.web (remote-exec): (Reading database ... 25%
aws_instance.web (remote-exec): (Reading database ... 30%
aws_instance.web (remote-exec): (Reading database ... 35%
aws_instance.web (remote-exec): (Reading database ... 40%
aws_instance.web (remote-exec): (Reading database ... 45%
aws_instance.web (remote-exec): (Reading database ... 50%
aws_instance.web (remote-exec): (Reading database ... 55%
aws_instance.web (remote-exec): (Reading database ... 60%
aws_instance.web (remote-exec): (Reading database ... 65%
aws_instance.web (remote-exec): (Reading database ... 70%
aws_instance.web (remote-exec): (Reading database ... 75%
aws_instance.web (remote-exec): (Reading database ... 80%
aws_instance.web (remote-exec): (Reading database ... 85%
aws_instance.web (remote-exec): (Reading database ... 90%
aws_instance.web (remote-exec): (Reading database ... 95%
aws_instance.web (remote-exec): (Reading database ... 100%
aws_instance.web (remote-exec): (Reading database ... 61835 files and directories currently installed.)
aws_instance.web (remote-exec): Preparing to unpack .../nginx-common_1.18.0-0ubuntu1.4_all.deb ...
aws_instance.web (remote-exec): Unpacking nginx-common (1.18.0-0ubuntu1.4) ...
aws_instance.web (remote-exec): Selecting previously unselected package libnginx-mod-http-echo.
aws_instance.web (remote-exec): Preparing to unpack .../libnginx-mod-http-echo_1.18.0-0ubuntu1.4_amd64.deb ...
aws_instance.web (remote-exec): Unpacking libnginx-mod-http-echo (1.18.0-0ubuntu1.4) ...
aws_instance.web (remote-exec): Selecting previously unselected package nginx-light.
aws_instance.web (remote-exec): Preparing to unpack .../nginx-light_1.18.0-0ubuntu1.4_amd64.deb ...
aws_instance.web (remote-exec): Unpacking nginx-light (1.18.0-0ubuntu1.4) ...
aws_instance.web (remote-exec): Selecting previously unselected package nginx.
aws_instance.web (remote-exec): Preparing to unpack .../nginx_1.18.0-0ubuntu1.4_all.deb ...
aws_instance.web (remote-exec): Unpacking nginx (1.18.0-0ubuntu1.4) ...
aws_instance.web (remote-exec): Setting up nginx-common (1.18.0-0ubuntu1.4) ...
aws_instance.web (remote-exec): Created symlink /etc/systemd/system/multi-user.target.wants/nginx.service → /lib/systemd/system/nginx.service.
aws_instance.web (remote-exec): Setting up libnginx-mod-http-echo (1.18.0-0ubuntu1.4) ...
aws_instance.web (remote-exec): Setting up nginx-light (1.18.0-0ubuntu1.4) ...
aws_instance.web (remote-exec): Setting up nginx (1.18.0-0ubuntu1.4) ...
aws_instance.web (remote-exec): Processing triggers for systemd (245.4-4ubuntu3.19) ...
aws_instance.web (remote-exec): Processing triggers for man-db (2.9.1-1) ...
aws_instance.web (remote-exec): Processing triggers for ufw (0.36-6ubuntu1) ...
aws_instance.web: Creation complete after 1m16s [id=i-0fecc4b0a4f2df36c]
data.aws_instance.front_ip: Reading...
data.aws_instance.front_ip: Read complete after 2s [id=i-0fecc4b0a4f2df36c]
aws_instance.back: Creating...
aws_instance.back: Still creating... [10s elapsed]
aws_instance.back: Still creating... [20s elapsed]
aws_instance.back: Still creating... [30s elapsed]
aws_instance.back: Provisioning with 'file'...
aws_instance.back: Still creating... [40s elapsed]
aws_instance.back: Still creating... [50s elapsed]
aws_instance.back: Provisioning with 'file'...
aws_instance.back: Provisioning with 'remote-exec'...
aws_instance.back (remote-exec): Connecting to remote host via SSH...
aws_instance.back (remote-exec):   Host: 10.0.48.155
aws_instance.back (remote-exec):   User: ubuntu
aws_instance.back (remote-exec):   Password: false
aws_instance.back (remote-exec):   Private key: true
aws_instance.back (remote-exec):   Certificate: false
aws_instance.back (remote-exec):   SSH Agent: false
aws_instance.back (remote-exec):   Checking Host Key: false
aws_instance.back (remote-exec):   Target Platform: unix
aws_instance.back (remote-exec): Using configured bastion host...
aws_instance.back (remote-exec):   Host: 44.203.153.212
aws_instance.back (remote-exec):   User: ubuntu
aws_instance.back (remote-exec):   Password: false
aws_instance.back (remote-exec):   Private key: true
aws_instance.back (remote-exec):   Certificate: false
aws_instance.back (remote-exec):   SSH Agent: false
aws_instance.back (remote-exec):   Checking Host Key: false
aws_instance.back (remote-exec): Connected!
aws_instance.back (remote-exec): 0% [Working]
aws_instance.back (remote-exec): Hit:1 http://us-east-1.ec2.archive.ubuntu.com/ubuntu focal InRelease
aws_instance.back (remote-exec): 0% [Connecting to security.ubuntu.com (
aws_instance.back (remote-exec): Get:2 http://us-east-1.ec2.archive.ubuntu.com/ubuntu focal-updates InRelease [114 kB]
aws_instance.back (remote-exec): 0% [Waiting for headers] [Connecting to
aws_instance.back (remote-exec): Get:3 http://us-east-1.ec2.archive.ubuntu.com/ubuntu focal-backports InRelease [108 kB]
aws_instance.back: Still creating... [1m0s elapsed]
aws_instance.back (remote-exec): 0% [3 InRelease 25.8 kB/108 kB 24%] [Co
aws_instance.back (remote-exec): 0% [Connecting to security.ubuntu.com (
aws_instance.back (remote-exec): 0% [Waiting for headers]
aws_instance.back (remote-exec): Get:4 http://us-east-1.ec2.archive.ubuntu.com/ubuntu focal/universe amd64 Packages [8628 kB]
aws_instance.back (remote-exec): 0% [4 Packages 36.8 kB/8628 kB 0%] [Wai
aws_instance.back (remote-exec): Get:5 http://security.ubuntu.com/ubuntu focal-security InRelease [114 kB]
aws_instance.back (remote-exec): 0% [4 Packages 1079 kB/8628 kB 13%] [5
aws_instance.back (remote-exec): 0% [4 Packages 8628 kB/8628 kB 100%] [5
aws_instance.back (remote-exec): 0% [5 InRelease 75.0 kB/114 kB 66%]
aws_instance.back (remote-exec): 0% [4 Packages store 0 B] [Waiting for
aws_instance.back (remote-exec): Get:6 http://us-east-1.ec2.archive.ubuntu.com/ubuntu focal/universe Translation-en [5124 kB]
aws_instance.back (remote-exec): 0% [4 Packages store 0 B] [6 Translatio
aws_instance.back (remote-exec): 0% [4 Packages store 0 B] [6 Translatio
aws_instance.back (remote-exec): Get:7 http://us-east-1.ec2.archive.ubuntu.com/ubuntu focal/universe amd64 c-n-f Metadata [265 kB]
aws_instance.back (remote-exec): 0% [4 Packages store 0 B] [7 Commands-a
aws_instance.back (remote-exec): 0% [4 Packages store 0 B]
aws_instance.back (remote-exec): Get:8 http://us-east-1.ec2.archive.ubuntu.com/ubuntu focal/multiverse amd64 Packages [144 kB]
aws_instance.back (remote-exec): 0% [4 Packages store 0 B] [8 Packages 0
aws_instance.back (remote-exec): 0% [4 Packages store 0 B]
aws_instance.back (remote-exec): Get:9 http://us-east-1.ec2.archive.ubuntu.com/ubuntu focal/multiverse Translation-en [104 kB]
aws_instance.back (remote-exec): 0% [4 Packages store 0 B] [9 Translatio
aws_instance.back (remote-exec): 0% [4 Packages store 0 B]
aws_instance.back (remote-exec): Get:10 http://us-east-1.ec2.archive.ubuntu.com/ubuntu focal/multiverse amd64 c-n-f Metadata [9136 B]
aws_instance.back (remote-exec): 0% [4 Packages store 0 B] [10 Commands-
aws_instance.back (remote-exec): 0% [4 Packages store 0 B]
aws_instance.back (remote-exec): Get:11 http://us-east-1.ec2.archive.ubuntu.com/ubuntu focal-updates/main amd64 Packages [2345 kB]
aws_instance.back (remote-exec): 0% [4 Packages store 0 B] [11 Packages
aws_instance.back (remote-exec): 0% [4 Packages store 0 B]
aws_instance.back (remote-exec): Get:12 http://us-east-1.ec2.archive.ubuntu.com/ubuntu focal-updates/main Translation-en [405 kB]
aws_instance.back (remote-exec): 0% [4 Packages store 0 B] [12 Translati
aws_instance.back (remote-exec): 0% [4 Packages store 0 B]
aws_instance.back (remote-exec): Get:13 http://us-east-1.ec2.archive.ubuntu.com/ubuntu focal-updates/main amd64 c-n-f Metadata [16.3 kB]
aws_instance.back (remote-exec): 0% [4 Packages store 0 B] [13 Commands-
aws_instance.back (remote-exec): 0% [4 Packages store 0 B]
aws_instance.back (remote-exec): Get:14 http://us-east-1.ec2.archive.ubuntu.com/ubuntu focal-updates/restricted amd64 Packages [1564 kB]
aws_instance.back (remote-exec): 0% [4 Packages store 0 B] [14 Packages
aws_instance.back (remote-exec): 0% [4 Packages store 0 B] [14 Packages
aws_instance.back (remote-exec): 0% [4 Packages store 0 B]
aws_instance.back (remote-exec): Get:15 http://us-east-1.ec2.archive.ubuntu.com/ubuntu focal-updates/restricted Translation-en [221 kB]
aws_instance.back (remote-exec): 0% [4 Packages store 0 B] [15 Translati
aws_instance.back (remote-exec): 0% [4 Packages store 0 B]
aws_instance.back (remote-exec): Get:16 http://us-east-1.ec2.archive.ubuntu.com/ubuntu focal-updates/restricted amd64 c-n-f Metadata [620 B]
aws_instance.back (remote-exec): 0% [4 Packages store 0 B] [16 Commands-
aws_instance.back (remote-exec): 0% [4 Packages store 0 B]
aws_instance.back (remote-exec): Get:17 http://us-east-1.ec2.archive.ubuntu.com/ubuntu focal-updates/universe amd64 Packages [1021 kB]
aws_instance.back (remote-exec): 0% [4 Packages store 0 B] [17 Packages
aws_instance.back (remote-exec): 0% [4 Packages store 0 B]
aws_instance.back (remote-exec): Get:18 http://us-east-1.ec2.archive.ubuntu.com/ubuntu focal-updates/universe Translation-en [237 kB]
aws_instance.back (remote-exec): 0% [4 Packages store 0 B] [18 Translati
aws_instance.back (remote-exec): 0% [4 Packages store 0 B]
aws_instance.back (remote-exec): Get:19 http://us-east-1.ec2.archive.ubuntu.com/ubuntu focal-updates/universe amd64 c-n-f Metadata [23.5 kB]
aws_instance.back (remote-exec): 0% [4 Packages store 0 B] [19 Commands-
aws_instance.back (remote-exec): 0% [4 Packages store 0 B]
aws_instance.back (remote-exec): Get:20 http://us-east-1.ec2.archive.ubuntu.com/ubuntu focal-updates/multiverse amd64 Packages [25.2 kB]
aws_instance.back (remote-exec): 0% [4 Packages store 0 B] [20 Packages
aws_instance.back (remote-exec): 0% [4 Packages store 0 B]
aws_instance.back (remote-exec): Get:21 http://us-east-1.ec2.archive.ubuntu.com/ubuntu focal-updates/multiverse Translation-en [7408 B]
aws_instance.back (remote-exec): 0% [4 Packages store 0 B] [21 Translati
aws_instance.back (remote-exec): 0% [4 Packages store 0 B]
aws_instance.back (remote-exec): Get:22 http://us-east-1.ec2.archive.ubuntu.com/ubuntu focal-updates/multiverse amd64 c-n-f Metadata [604 B]
aws_instance.back (remote-exec): 0% [4 Packages store 0 B] [22 Commands-
aws_instance.back (remote-exec): 0% [4 Packages store 0 B]
aws_instance.back (remote-exec): Get:23 http://us-east-1.ec2.archive.ubuntu.com/ubuntu focal-backports/main amd64 Packages [45.7 kB]
aws_instance.back (remote-exec): 0% [4 Packages store 0 B] [23 Packages
aws_instance.back (remote-exec): 0% [4 Packages store 0 B]
aws_instance.back (remote-exec): Get:24 http://us-east-1.ec2.archive.ubuntu.com/ubuntu focal-backports/main Translation-en [16.3 kB]
aws_instance.back (remote-exec): 0% [4 Packages store 0 B] [24 Translati
aws_instance.back (remote-exec): 0% [4 Packages store 0 B]
aws_instance.back (remote-exec): Get:25 http://us-east-1.ec2.archive.ubuntu.com/ubuntu focal-backports/main amd64 c-n-f Metadata [1420 B]
aws_instance.back (remote-exec): 0% [4 Packages store 0 B] [25 Commands-
aws_instance.back (remote-exec): 0% [4 Packages store 0 B]
aws_instance.back (remote-exec): Get:26 http://us-east-1.ec2.archive.ubuntu.com/ubuntu focal-backports/restricted amd64 c-n-f Metadata [116 B]
aws_instance.back (remote-exec): 0% [4 Packages store 0 B] [26 Commands-
aws_instance.back (remote-exec): 0% [4 Packages store 0 B]
aws_instance.back (remote-exec): Get:27 http://us-east-1.ec2.archive.ubuntu.com/ubuntu focal-backports/universe amd64 Packages [24.9 kB]
aws_instance.back (remote-exec): 0% [4 Packages store 0 B] [27 Packages
aws_instance.back (remote-exec): 0% [4 Packages store 0 B]
aws_instance.back (remote-exec): Get:28 http://us-east-1.ec2.archive.ubuntu.com/ubuntu focal-backports/universe Translation-en [16.3 kB]
aws_instance.back (remote-exec): 0% [4 Packages store 0 B] [28 Translati
aws_instance.back (remote-exec): 0% [4 Packages store 0 B]
aws_instance.back (remote-exec): Get:29 http://us-east-1.ec2.archive.ubuntu.com/ubuntu focal-backports/universe amd64 c-n-f Metadata [880 B]
aws_instance.back (remote-exec): 0% [4 Packages store 0 B] [29 Commands-
aws_instance.back (remote-exec): 0% [4 Packages store 0 B]
aws_instance.back (remote-exec): Get:30 http://us-east-1.ec2.archive.ubuntu.com/ubuntu focal-backports/multiverse amd64 c-n-f Metadata [116 B]
aws_instance.back (remote-exec): 0% [4 Packages store 0 B] [30 Commands-
aws_instance.back (remote-exec): 0% [4 Packages store 0 B]
aws_instance.back (remote-exec): 75% [4 Packages store 0 B]
aws_instance.back (remote-exec): Get:31 http://security.ubuntu.com/ubuntu focal-security/main amd64 Packages [1968 kB]
aws_instance.back (remote-exec): 75% [4 Packages store 0 B] [31 Packages
aws_instance.back (remote-exec): 82% [4 Packages store 0 B] [31 Packages
aws_instance.back (remote-exec): 82% [4 Packages store 0 B]
aws_instance.back (remote-exec): Get:32 http://security.ubuntu.com/ubuntu focal-security/main Translation-en [322 kB]
aws_instance.back (remote-exec): 82% [4 Packages store 0 B] [32 Translat
aws_instance.back (remote-exec): Get:33 http://security.ubuntu.com/ubuntu focal-security/main amd64 c-n-f Metadata [12.0 kB]
aws_instance.back (remote-exec): Get:34 http://security.ubuntu.com/ubuntu focal-security/restricted amd64 Packages [1467 kB]
aws_instance.back (remote-exec): 83% [4 Packages store 0 B] [34 Packages
aws_instance.back (remote-exec): Get:35 http://security.ubuntu.com/ubuntu focal-security/restricted Translation-en [207 kB]
aws_instance.back (remote-exec): 87% [4 Packages store 0 B] [35 Translat
aws_instance.back (remote-exec): 88% [4 Packages store 0 B]
aws_instance.back (remote-exec): Get:36 http://security.ubuntu.com/ubuntu focal-security/restricted amd64 c-n-f Metadata [624 B]
aws_instance.back (remote-exec): 88% [4 Packages store 0 B] [36 Commands
aws_instance.back (remote-exec): 88% [4 Packages store 0 B]
aws_instance.back (remote-exec): Get:37 http://security.ubuntu.com/ubuntu focal-security/universe amd64 Packages [792 kB]
aws_instance.back (remote-exec): 88% [4 Packages store 0 B] [37 Packages
aws_instance.back (remote-exec): Get:38 http://security.ubuntu.com/ubuntu focal-security/universe Translation-en [154 kB]
aws_instance.back (remote-exec): 90% [4 Packages store 0 B] [38 Translat
aws_instance.back (remote-exec): Get:39 http://security.ubuntu.com/ubuntu focal-security/universe amd64 c-n-f Metadata [17.0 kB]
aws_instance.back (remote-exec): Get:40 http://security.ubuntu.com/ubuntu focal-security/multiverse amd64 Packages [22.2 kB]
aws_instance.back (remote-exec): 91% [4 Packages store 0 B] [40 Packages
aws_instance.back (remote-exec): 91% [4 Packages store 0 B]
aws_instance.back (remote-exec): Get:41 http://security.ubuntu.com/ubuntu focal-security/multiverse Translation-en [5464 B]
aws_instance.back (remote-exec): Get:42 http://security.ubuntu.com/ubuntu focal-security/multiverse amd64 c-n-f Metadata [516 B]
aws_instance.back (remote-exec): 91% [4 Packages store 0 B] [42 Commands
aws_instance.back (remote-exec): 91% [4 Packages store 0 B]
aws_instance.back (remote-exec): 91% [Working]
aws_instance.back (remote-exec): 91% [6 Translation-en store 0 B]
aws_instance.back (remote-exec): 91% [6 Translation-en store 0 B]

aws_instance.back (remote-exec): 91% [Working]
aws_instance.back (remote-exec): 91% [7 Commands-amd64 store 0 B]
aws_instance.back (remote-exec): 92% [Working]
aws_instance.back (remote-exec): 92% [8 Packages store 0 B]
aws_instance.back (remote-exec): 92% [Working]
aws_instance.back (remote-exec): 92% [9 Translation-en store 0 B]
aws_instance.back (remote-exec): 92% [Working]
aws_instance.back (remote-exec): 92% [10 Commands-amd64 store 0 B]
aws_instance.back (remote-exec): 92% [Working]
aws_instance.back (remote-exec): 92% [11 Packages store 0 B]
aws_instance.back (remote-exec): 93% [Working]
aws_instance.back (remote-exec): 93% [12 Translation-en store 0 B]
aws_instance.back (remote-exec): 93% [Working]
aws_instance.back (remote-exec): 93% [13 Commands-amd64 store 0 B]
aws_instance.back (remote-exec): 93% [Working]
aws_instance.back (remote-exec): 93% [14 Packages store 0 B]
aws_instance.back (remote-exec): 93% [Working]
aws_instance.back (remote-exec): 93% [15 Translation-en store 0 B]
aws_instance.back (remote-exec): 94% [Working]
aws_instance.back (remote-exec): 94% [16 Commands-amd64 store 0 B]
aws_instance.back (remote-exec): 94% [Working]
aws_instance.back (remote-exec): 94% [17 Packages store 0 B]
aws_instance.back (remote-exec): 94% [Working]
aws_instance.back (remote-exec): 94% [18 Translation-en store 0 B]
aws_instance.back (remote-exec): 94% [Working]
aws_instance.back (remote-exec): 94% [19 Commands-amd64 store 0 B]
aws_instance.back (remote-exec): 95% [Working]
aws_instance.back (remote-exec): 95% [20 Packages store 0 B]
aws_instance.back (remote-exec): 95% [Working]
aws_instance.back (remote-exec): 95% [21 Translation-en store 0 B]
aws_instance.back (remote-exec): 95% [Working]
aws_instance.back (remote-exec): 95% [22 Commands-amd64 store 0 B]
aws_instance.back (remote-exec): 95% [Working]
aws_instance.back (remote-exec): 95% [23 Packages store 0 B]
aws_instance.back (remote-exec): 95% [Working]
aws_instance.back (remote-exec): 95% [24 Translation-en store 0 B]
aws_instance.back (remote-exec): 96% [Working]
aws_instance.back (remote-exec): 96% [25 Commands-amd64 store 0 B]
aws_instance.back (remote-exec): 96% [Working]
aws_instance.back (remote-exec): 96% [26 Commands-amd64 store 0 B]
aws_instance.back (remote-exec): 96% [Working]
aws_instance.back (remote-exec): 96% [27 Packages store 0 B]
aws_instance.back (remote-exec): 96% [Working]
aws_instance.back (remote-exec): 96% [28 Translation-en store 0 B]
aws_instance.back (remote-exec): 97% [Working]
aws_instance.back (remote-exec): 97% [29 Commands-amd64 store 0 B]
aws_instance.back (remote-exec): 97% [Working]
aws_instance.back (remote-exec): 97% [30 Commands-amd64 store 0 B]
aws_instance.back (remote-exec): 97% [Working]
aws_instance.back (remote-exec): 97% [31 Packages store 0 B]
aws_instance.back (remote-exec): 97% [Working]
aws_instance.back (remote-exec): 97% [32 Translation-en store 0 B]
aws_instance.back (remote-exec): 98% [Working]
aws_instance.back (remote-exec): 98% [33 Commands-amd64 store 0 B]
aws_instance.back (remote-exec): 98% [Working]
aws_instance.back (remote-exec): 98% [34 Packages store 0 B]
aws_instance.back (remote-exec): 98% [Working]
aws_instance.back (remote-exec): 98% [35 Translation-en store 0 B]
aws_instance.back (remote-exec): 98% [Working]
aws_instance.back (remote-exec): 98% [36 Commands-amd64 store 0 B]
aws_instance.back (remote-exec): 99% [Working]
aws_instance.back (remote-exec): 99% [37 Packages store 0 B]
aws_instance.back (remote-exec): 99% [Working]
aws_instance.back (remote-exec): 99% [38 Translation-en store 0 B]
aws_instance.back (remote-exec): 99% [Working]
aws_instance.back (remote-exec): 99% [39 Commands-amd64 store 0 B]
aws_instance.back (remote-exec): 99% [Working]
aws_instance.back (remote-exec): 99% [40 Packages store 0 B]
aws_instance.back (remote-exec): 100% [Working]
aws_instance.back (remote-exec): 100% [41 Translation-en store 0 B]
aws_instance.back (remote-exec): 100% [Working]
aws_instance.back (remote-exec): 100% [42 Commands-amd64 store 0 B]
aws_instance.back (remote-exec): 100% [Working]
aws_instance.back (remote-exec): Fetched 25.6 MB in 5s (5566 kB/s)
aws_instance.back: Still creating... [1m10s elapsed]
aws_instance.back (remote-exec): Reading package lists... 0%
aws_instance.back (remote-exec): Reading package lists... 0%
aws_instance.back (remote-exec): Reading package lists... 0%
aws_instance.back (remote-exec): Reading package lists... 3%
aws_instance.back (remote-exec): Reading package lists... 3%
aws_instance.back (remote-exec): Reading package lists... 5%
aws_instance.back (remote-exec): Reading package lists... 5%
aws_instance.back (remote-exec): Reading package lists... 5%
aws_instance.back (remote-exec): Reading package lists... 5%
aws_instance.back (remote-exec): Reading package lists... 5%
aws_instance.back (remote-exec): Reading package lists... 5%
aws_instance.back (remote-exec): Reading package lists... 35%
aws_instance.back (remote-exec): Reading package lists... 35%
aws_instance.back (remote-exec): Reading package lists... 51%
aws_instance.back (remote-exec): Reading package lists... 51%
aws_instance.back (remote-exec): Reading package lists... 51%
aws_instance.back (remote-exec): Reading package lists... 51%
aws_instance.back (remote-exec): Reading package lists... 51%
aws_instance.back (remote-exec): Reading package lists... 51%
aws_instance.back (remote-exec): Reading package lists... 56%
aws_instance.back (remote-exec): Reading package lists... 59%
aws_instance.back (remote-exec): Reading package lists... 59%
aws_instance.back (remote-exec): Reading package lists... 64%
aws_instance.back (remote-exec): Reading package lists... 64%
aws_instance.back (remote-exec): Reading package lists... 69%
aws_instance.back (remote-exec): Reading package lists... 69%
aws_instance.back (remote-exec): Reading package lists... 72%
aws_instance.back (remote-exec): Reading package lists... 72%
aws_instance.back (remote-exec): Reading package lists... 75%
aws_instance.back (remote-exec): Reading package lists... 75%
aws_instance.back (remote-exec): Reading package lists... 77%
aws_instance.back (remote-exec): Reading package lists... 77%
aws_instance.back (remote-exec): Reading package lists... 77%
aws_instance.back (remote-exec): Reading package lists... 77%
aws_instance.back (remote-exec): Reading package lists... 77%
aws_instance.back (remote-exec): Reading package lists... 77%
aws_instance.back (remote-exec): Reading package lists... 77%
aws_instance.back (remote-exec): Reading package lists... 77%
aws_instance.back (remote-exec): Reading package lists... 77%
aws_instance.back (remote-exec): Reading package lists... 77%
aws_instance.back (remote-exec): Reading package lists... 77%
aws_instance.back (remote-exec): Reading package lists... 77%
aws_instance.back (remote-exec): Reading package lists... 77%
aws_instance.back (remote-exec): Reading package lists... 77%
aws_instance.back (remote-exec): Reading package lists... 83%
aws_instance.back (remote-exec): Reading package lists... 83%
aws_instance.back (remote-exec): Reading package lists... 88%
aws_instance.back (remote-exec): Reading package lists... 88%
aws_instance.back (remote-exec): Reading package lists... 93%
aws_instance.back (remote-exec): Reading package lists... 93%
aws_instance.back (remote-exec): Reading package lists... 95%
aws_instance.back (remote-exec): Reading package lists... 95%
aws_instance.back (remote-exec): Reading package lists... 98%
aws_instance.back (remote-exec): Reading package lists... 98%
aws_instance.back (remote-exec): Reading package lists... 99%
aws_instance.back (remote-exec): Reading package lists... 99%
aws_instance.back (remote-exec): Reading package lists... 99%
aws_instance.back (remote-exec): Reading package lists... 99%
aws_instance.back (remote-exec): Reading package lists... 99%
aws_instance.back (remote-exec): Reading package lists... 99%
aws_instance.back (remote-exec): Reading package lists... Done
aws_instance.back (remote-exec): Reading package lists... 0%
aws_instance.back (remote-exec): Reading package lists... 100%
aws_instance.back (remote-exec): Reading package lists... Done
aws_instance.back (remote-exec): Building dependency tree... 0%
aws_instance.back (remote-exec): Building dependency tree... 0%
aws_instance.back (remote-exec): Building dependency tree... 50%
aws_instance.back (remote-exec): Building dependency tree... 50%
aws_instance.back (remote-exec): Building dependency tree
aws_instance.back (remote-exec): Reading state information... 0%
aws_instance.back (remote-exec): Reading state information... 0%
aws_instance.back (remote-exec): Reading state information... Done
aws_instance.back (remote-exec): The following additional packages will be installed:
aws_instance.back (remote-exec):   fontconfig-config fonts-dejavu-core
aws_instance.back (remote-exec):   libfontconfig1 libgd3 libjbig0
aws_instance.back (remote-exec):   libjpeg-turbo8 libjpeg8
aws_instance.back (remote-exec):   libnginx-mod-http-image-filter
aws_instance.back (remote-exec):   libnginx-mod-http-xslt-filter
aws_instance.back (remote-exec):   libnginx-mod-mail
aws_instance.back (remote-exec):   libnginx-mod-stream libtiff5
aws_instance.back (remote-exec):   libwebp6 libxpm4 nginx-common
aws_instance.back (remote-exec):   nginx-core
aws_instance.back (remote-exec): Suggested packages:
aws_instance.back (remote-exec):   libgd-tools fcgiwrap nginx-doc
aws_instance.back (remote-exec):   ssl-cert
aws_instance.back (remote-exec): The following NEW packages will be installed:
aws_instance.back (remote-exec):   fontconfig-config fonts-dejavu-core
aws_instance.back (remote-exec):   libfontconfig1 libgd3 libjbig0
aws_instance.back (remote-exec):   libjpeg-turbo8 libjpeg8
aws_instance.back (remote-exec):   libnginx-mod-http-image-filter
aws_instance.back (remote-exec):   libnginx-mod-http-xslt-filter
aws_instance.back (remote-exec):   libnginx-mod-mail
aws_instance.back (remote-exec):   libnginx-mod-stream libtiff5
aws_instance.back (remote-exec):   libwebp6 libxpm4 nginx nginx-common
aws_instance.back (remote-exec):   nginx-core
aws_instance.back (remote-exec): 0 upgraded, 17 newly installed, 0 to remove and 27 not upgraded.
aws_instance.back (remote-exec): Need to get 2436 kB of archives.
aws_instance.back (remote-exec): After this operation, 7919 kB of additional disk space will be used.
aws_instance.back (remote-exec): 0% [Working]
aws_instance.back (remote-exec): Get:1 http://us-east-1.ec2.archive.ubuntu.com/ubuntu focal/main amd64 fonts-dejavu-core all 2.37-1 [1041 kB]
aws_instance.back (remote-exec): 0% [1 fonts-dejavu-core 0 B/1041 kB 0%]
aws_instance.back (remote-exec): 35% [Working]
aws_instance.back (remote-exec): Get:2 http://us-east-1.ec2.archive.ubuntu.com/ubuntu focal/main amd64 fontconfig-config all 2.13.1-2ubuntu3 [28.8 kB] 
aws_instance.back (remote-exec): 35% [2 fontconfig-config 0 B/28.8 kB 0%
aws_instance.back (remote-exec): 37% [Working]
aws_instance.back (remote-exec): Get:3 http://us-east-1.ec2.archive.ubuntu.com/ubuntu focal/main amd64 libfontconfig1 amd64 2.13.1-2ubuntu3 [114 kB]   
aws_instance.back (remote-exec): 37% [3 libfontconfig1 0 B/114 kB 0%]
aws_instance.back (remote-exec): 42% [Working]
aws_instance.back (remote-exec): Get:4 http://us-east-1.ec2.archive.ubuntu.com/ubuntu focal-updates/main amd64 libjpeg-turbo8 amd64 2.0.3-0ubuntu1.20.04.3 [118 kB]
aws_instance.back (remote-exec): 42% [4 libjpeg-turbo8 0 B/118 kB 0%]
aws_instance.back (remote-exec): 47% [Working]
aws_instance.back (remote-exec): Get:5 http://us-east-1.ec2.archive.ubuntu.com/ubuntu focal/main amd64 libjpeg8 amd64 8c-2ubuntu8 [2194 B]
aws_instance.back (remote-exec): 47% [5 libjpeg8 0 B/2194 B 0%]
aws_instance.back (remote-exec): 49% [Working]
aws_instance.back (remote-exec): Get:6 http://us-east-1.ec2.archive.ubuntu.com/ubuntu focal-updates/main amd64 libjbig0 amd64 2.1-3.1ubuntu0.20.04.1 [27.3 kB]
aws_instance.back (remote-exec): 49% [6 libjbig0 0 B/27.3 kB 0%]
aws_instance.back (remote-exec): 51% [Working]
aws_instance.back (remote-exec): Get:7 http://us-east-1.ec2.archive.ubuntu.com/ubuntu focal-updates/main amd64 libwebp6 amd64 0.6.1-2ubuntu0.20.04.1 [185 kB]
aws_instance.back (remote-exec): 51% [7 libwebp6 0 B/185 kB 0%]
aws_instance.back (remote-exec): 58% [Working]
aws_instance.back (remote-exec): Get:8 http://us-east-1.ec2.archive.ubuntu.com/ubuntu focal-updates/main amd64 libtiff5 amd64 4.1.0+git191117-2ubuntu0.20.04.7 [163 kB]
aws_instance.back (remote-exec): 58% [8 libtiff5 0 B/163 kB 0%]
aws_instance.back (remote-exec): 65% [Working]
aws_instance.back (remote-exec): Get:9 http://us-east-1.ec2.archive.ubuntu.com/ubuntu focal-updates/main amd64 libxpm4 amd64 1:3.5.12-1ubuntu0.20.04.1 [34.6 kB]
aws_instance.back (remote-exec): 65% [9 libxpm4 0 B/34.6 kB 0%]
aws_instance.back (remote-exec): 67% [Working]
aws_instance.back (remote-exec): Get:10 http://us-east-1.ec2.archive.ubuntu.com/ubuntu focal-updates/main amd64 libgd3 amd64 2.2.5-5.2ubuntu2.1 [118 kB]
aws_instance.back (remote-exec): 67% [10 libgd3 0 B/118 kB 0%]
aws_instance.back (remote-exec): 72% [Working]
aws_instance.back (remote-exec): Get:11 http://us-east-1.ec2.archive.ubuntu.com/ubuntu focal-updates/main amd64 nginx-common all 1.18.0-0ubuntu1.4 [37.7 kB]
aws_instance.back (remote-exec): 72% [11 nginx-common 0 B/37.7 kB 0%]
aws_instance.back (remote-exec): 74% [Working]
aws_instance.back (remote-exec): Get:12 http://us-east-1.ec2.archive.ubuntu.com/ubuntu focal-updates/main amd64 libnginx-mod-http-image-filter amd64 1.18.0-0ubuntu1.4 [14.8 kB]
aws_instance.back (remote-exec): 74% [12 libnginx-mod-http-image-filter
aws_instance.back (remote-exec): 76% [Working]
aws_instance.back (remote-exec): Get:13 http://us-east-1.ec2.archive.ubuntu.com/ubuntu focal-updates/main amd64 libnginx-mod-http-xslt-filter amd64 1.18.0-0ubuntu1.4 [13.0 kB]
aws_instance.back (remote-exec): 76% [13 libnginx-mod-http-xslt-filter 0
aws_instance.back (remote-exec): 78% [Working]
aws_instance.back (remote-exec): Get:14 http://us-east-1.ec2.archive.ubuntu.com/ubuntu focal-updates/main amd64 libnginx-mod-mail amd64 1.18.0-0ubuntu1.4 [42.9 kB]
aws_instance.back (remote-exec): 78% [14 libnginx-mod-mail 0 B/42.9 kB 0
aws_instance.back (remote-exec): 80% [Working]
aws_instance.back (remote-exec): Get:15 http://us-east-1.ec2.archive.ubuntu.com/ubuntu focal-updates/main amd64 libnginx-mod-stream amd64 1.18.0-0ubuntu1.4 [67.4 kB]
aws_instance.back (remote-exec): 80% [15 libnginx-mod-stream 0 B/67.4 kB
aws_instance.back (remote-exec): 84% [Working]
aws_instance.back (remote-exec): Get:16 http://us-east-1.ec2.archive.ubuntu.com/ubuntu focal-updates/main amd64 nginx-core amd64 1.18.0-0ubuntu1.4 [425 kB]
aws_instance.back (remote-exec): 84% [16 nginx-core 0 B/425 kB 0%]
aws_instance.back (remote-exec): 99% [Working]
aws_instance.back (remote-exec): Get:17 http://us-east-1.ec2.archive.ubuntu.com/ubuntu focal-updates/main amd64 nginx all 1.18.0-0ubuntu1.4 [3620 B]   
aws_instance.back (remote-exec): 99% [17 nginx 0 B/3620 B 0%]
aws_instance.back (remote-exec): 100% [Working]
aws_instance.back (remote-exec): Fetched 2436 kB in 0s (29.8 MB/s)
aws_instance.back (remote-exec): Preconfiguring packages ...

aws_instance.back (remote-exec): Selecting previously unselected package fonts-dejavu-core.
aws_instance.back (remote-exec): (Reading database ...
aws_instance.back (remote-exec): (Reading database ... 5%
aws_instance.back (remote-exec): (Reading database ... 10%
aws_instance.back (remote-exec): (Reading database ... 15%
aws_instance.back (remote-exec): (Reading database ... 20%
aws_instance.back (remote-exec): (Reading database ... 25%
aws_instance.back (remote-exec): (Reading database ... 30%
aws_instance.back (remote-exec): (Reading database ... 35%
aws_instance.back (remote-exec): (Reading database ... 40%
aws_instance.back (remote-exec): (Reading database ... 45%
aws_instance.back (remote-exec): (Reading database ... 50%
aws_instance.back (remote-exec): (Reading database ... 55%
aws_instance.back (remote-exec): (Reading database ... 60%
aws_instance.back (remote-exec): (Reading database ... 65%
aws_instance.back (remote-exec): (Reading database ... 70%
aws_instance.back (remote-exec): (Reading database ... 75%
aws_instance.back (remote-exec): (Reading database ... 80%
aws_instance.back (remote-exec): (Reading database ... 85%
aws_instance.back (remote-exec): (Reading database ... 90%
aws_instance.back (remote-exec): (Reading database ... 95%
aws_instance.back (remote-exec): (Reading database ... 100%
aws_instance.back (remote-exec): (Reading database ... 61835 files and directories currently installed.)
aws_instance.back (remote-exec): Preparing to unpack .../00-fonts-dejavu-core_2.37-1_all.deb ...
aws_instance.back (remote-exec): Unpacking fonts-dejavu-core (2.37-1) ...
aws_instance.back (remote-exec): Selecting previously unselected package fontconfig-config.
aws_instance.back (remote-exec): Preparing to unpack .../01-fontconfig-config_2.13.1-2ubuntu3_all.deb ...
aws_instance.back (remote-exec): Unpacking fontconfig-config (2.13.1-2ubuntu3) ...
aws_instance.back (remote-exec): Selecting previously unselected package libfontconfig1:amd64.
aws_instance.back (remote-exec): Preparing to unpack .../02-libfontconfig1_2.13.1-2ubuntu3_amd64.deb ...
aws_instance.back (remote-exec): Unpacking libfontconfig1:amd64 (2.13.1-2ubuntu3) ...
aws_instance.back (remote-exec): Selecting previously unselected package libjpeg-turbo8:amd64.
aws_instance.back (remote-exec): Preparing to unpack .../03-libjpeg-turbo8_2.0.3-0ubuntu1.20.04.3_amd64.deb ...
aws_instance.back (remote-exec): Unpacking libjpeg-turbo8:amd64 (2.0.3-0ubuntu1.20.04.3) ...
aws_instance.back (remote-exec): Selecting previously unselected package libjpeg8:amd64.
aws_instance.back (remote-exec): Preparing to unpack .../04-libjpeg8_8c-2ubuntu8_amd64.deb ...
aws_instance.back (remote-exec): Unpacking libjpeg8:amd64 (8c-2ubuntu8) ...
aws_instance.back (remote-exec): Selecting previously unselected package libjbig0:amd64.
aws_instance.back (remote-exec): Preparing to unpack .../05-libjbig0_2.1-3.1ubuntu0.20.04.1_amd64.deb ...
aws_instance.back (remote-exec): Unpacking libjbig0:amd64 (2.1-3.1ubuntu0.20.04.1) ...
aws_instance.back (remote-exec): Selecting previously unselected package libwebp6:amd64.
aws_instance.back (remote-exec): Preparing to unpack .../06-libwebp6_0.6.1-2ubuntu0.20.04.1_amd64.deb ...
aws_instance.back (remote-exec): Unpacking libwebp6:amd64 (0.6.1-2ubuntu0.20.04.1) ...
aws_instance.back (remote-exec): Selecting previously unselected package libtiff5:amd64.
aws_instance.back (remote-exec): Preparing to unpack .../07-libtiff5_4.1.0+git191117-2ubuntu0.20.04.7_amd64.deb ...
aws_instance.back (remote-exec): Unpacking libtiff5:amd64 (4.1.0+git191117-2ubuntu0.20.04.7) ...
aws_instance.back (remote-exec): Selecting previously unselected package libxpm4:amd64.
aws_instance.back (remote-exec): Preparing to unpack .../08-libxpm4_1%3a3.5.12-1ubuntu0.20.04.1_amd64.deb ...
aws_instance.back (remote-exec): Unpacking libxpm4:amd64 (1:3.5.12-1ubuntu0.20.04.1) ...
aws_instance.back (remote-exec): Selecting previously unselected package libgd3:amd64.
aws_instance.back (remote-exec): Preparing to unpack .../09-libgd3_2.2.5-5.2ubuntu2.1_amd64.deb ...
aws_instance.back (remote-exec): Unpacking libgd3:amd64 (2.2.5-5.2ubuntu2.1) ...
aws_instance.back (remote-exec): Selecting previously unselected package nginx-common.
aws_instance.back (remote-exec): Preparing to unpack .../10-nginx-common_1.18.0-0ubuntu1.4_all.deb ...
aws_instance.back (remote-exec): Unpacking nginx-common (1.18.0-0ubuntu1.4) ...
aws_instance.back (remote-exec): Selecting previously unselected package libnginx-mod-http-image-filter.
aws_instance.back (remote-exec): Preparing to unpack .../11-libnginx-mod-http-image-filter_1.18.0-0ubuntu1.4_amd64.deb ...
aws_instance.back (remote-exec): Unpacking libnginx-mod-http-image-filter (1.18.0-0ubuntu1.4) ...
aws_instance.back (remote-exec): Selecting previously unselected package libnginx-mod-http-xslt-filter.
aws_instance.back (remote-exec): Preparing to unpack .../12-libnginx-mod-http-xslt-filter_1.18.0-0ubuntu1.4_amd64.deb ...
aws_instance.back (remote-exec): Unpacking libnginx-mod-http-xslt-filter (1.18.0-0ubuntu1.4) ...
aws_instance.back (remote-exec): Selecting previously unselected package libnginx-mod-mail.
aws_instance.back (remote-exec): Preparing to unpack .../13-libnginx-mod-mail_1.18.0-0ubuntu1.4_amd64.deb ...
aws_instance.back (remote-exec): Unpacking libnginx-mod-mail (1.18.0-0ubuntu1.4) ...
aws_instance.back (remote-exec): Selecting previously unselected package libnginx-mod-stream.
aws_instance.back (remote-exec): Preparing to unpack .../14-libnginx-mod-stream_1.18.0-0ubuntu1.4_amd64.deb ...
aws_instance.back (remote-exec): Unpacking libnginx-mod-stream (1.18.0-0ubuntu1.4) ...
aws_instance.back (remote-exec): Selecting previously unselected package nginx-core.
aws_instance.back (remote-exec): Processing triggers for man-db (2.9.1-1) ...
aws_instance.back (remote-exec): Processing triggers for libc-bin (2.31-0ubuntu9.9) ...
aws_instance.back: Still creating... [1m20s elapsed]
aws_instance.back: Creation complete after 1m21s [id=i-00425f9ee0a2fecaa]
data.aws_instance.back_ip: Reading...
data.aws_instance.back_ip: Read complete after 2s [id=i-00425f9ee0a2fecaa]