
module.vpc.aws_vpc.this[0]: Creating...
module.vpc.aws_eip.nat[0]: Creating...
module.vpc.aws_eip.nat[0]: Creation complete after 2s [id=eipalloc-0b623126eb7591c78]
module.vpc.aws_vpc.this[0]: Creation complete after 3s [id=vpc-0cae434643db766d1]
module.vpc.aws_subnet.public[1]: Creating...
module.vpc.aws_subnet.public[3]: Creating...
module.vpc.aws_route_table.public[0]: Creating...
module.vpc.aws_subnet.private[1]: Creating...
module.vpc.aws_subnet.database[4]: Creating...
module.vpc.aws_subnet.public[0]: Creating...
module.vpc.aws_subnet.private[2]: Creating...
module.vpc.aws_route_table.private[0]: Creating...
module.vpc.aws_subnet.database[3]: Creating...
module.vpc.aws_subnet.public[5]: Creating...
module.vpc.aws_subnet.private[1]: Creation complete after 1s [id=subnet-034022ed5843e3472]
module.vpc.aws_subnet.private[5]: Creating...
module.vpc.aws_route_table.public[0]: Creation complete after 1s [id=rtb-03d93fb0f0c523163]
module.vpc.aws_subnet.private[4]: Creating...
module.vpc.aws_subnet.database[4]: Creation complete after 1s [id=subnet-0c4adf8c3d7cf301f]
module.vpc.aws_subnet.public[4]: Creating...
module.vpc.aws_route_table.private[0]: Creation complete after 2s [id=rtb-07bab6ddc3f3b4a77]
module.vpc.aws_subnet.private[0]: Creating...
module.vpc.aws_subnet.database[3]: Creation complete after 2s [id=subnet-06c900c7d169a6b1b]
module.vpc.aws_internet_gateway.this[0]: Creating...
module.vpc.aws_subnet.private[2]: Creation complete after 2s [id=subnet-0eac929b0d879e25c]
module.vpc.aws_subnet.database[2]: Creating...
module.vpc.aws_subnet.private[5]: Creation complete after 1s [id=subnet-087682a6a50013155]
module.vpc.aws_subnet.database[5]: Creating...
module.vpc.aws_subnet.private[4]: Creation complete after 1s [id=subnet-06d9126a88a0eae17]
module.vpc.aws_subnet.database[1]: Creating...
module.vpc.aws_subnet.private[0]: Creation complete after 1s [id=subnet-0c26453d20fa22c2c]
module.vpc.aws_subnet.database[0]: Creating...
module.vpc.aws_subnet.database[2]: Creation complete after 1s [id=subnet-0e7a5bbd10cb69227]
module.vpc.aws_subnet.private[3]: Creating...
module.vpc.aws_internet_gateway.this[0]: Creation complete after 1s [id=igw-06d2abbc92380e37a]
module.vpc.aws_subnet.public[2]: Creating...
module.vpc.aws_subnet.database[5]: Creation complete after 1s [id=subnet-040a8da087dd4a3cf]
module.vpc.aws_route.public_internet_gateway[0]: Creating...
module.vpc.aws_subnet.database[1]: Creation complete after 0s [id=subnet-0ea2858e34b4928f5]
module.vpc.aws_subnet.database[0]: Creation complete after 1s [id=subnet-095df61ed423fdf4e]
module.vpc.aws_route_table_association.database[0]: Creating...
module.vpc.aws_route_table_association.database[5]: Creating...
module.vpc.aws_subnet.private[3]: Creation complete after 1s [id=subnet-0e0adfa2c60ac3ffd]
module.vpc.aws_db_subnet_group.database[0]: Creating...
module.vpc.aws_route.public_internet_gateway[0]: Creation complete after 1s [id=r-rtb-03d93fb0f0c5231631080289494]
module.vpc.aws_route_table_association.database[4]: Creating...
module.vpc.aws_route_table_association.database[5]: Creation complete after 0s [id=rtbassoc-0bbd3ba7dfcf330cb]
module.vpc.aws_route_table_association.database[2]: Creating...
module.vpc.aws_route_table_association.database[0]: Creation complete after 0s [id=rtbassoc-0a50b41ddc9db23df]
module.vpc.aws_route_table_association.database[3]: Creating...
module.vpc.aws_route_table_association.database[4]: Creation complete after 1s [id=rtbassoc-0cbe4bde5037ca814]
module.vpc.aws_route_table_association.database[1]: Creating...
module.vpc.aws_route_table_association.database[2]: Creation complete after 1s [id=rtbassoc-05d03250d8dcc66c8]
module.vpc.aws_route_table_association.private[3]: Creating...
module.vpc.aws_route_table_association.database[3]: Creation complete after 1s [id=rtbassoc-0f8b9e83c6a316255]
module.vpc.aws_route_table_association.private[1]: Creating...
module.vpc.aws_route_table_association.database[1]: Creation complete after 1s [id=rtbassoc-0178defc5fe628242]
module.vpc.aws_route_table_association.private[2]: Creating...
module.vpc.aws_route_table_association.private[3]: Creation complete after 1s [id=rtbassoc-0f918254f714e56b1]
module.vpc.aws_route_table_association.private[4]: Creating...
module.vpc.aws_route_table_association.private[1]: Creation complete after 1s [id=rtbassoc-04c09ac09fc2ec9fe]
module.vpc.aws_route_table_association.private[0]: Creating...
module.vpc.aws_db_subnet_group.database[0]: Creation complete after 2s [id=vlm-vpc]
module.vpc.aws_route_table_association.private[2]: Creation complete after 0s [id=rtbassoc-0338dab527bfecd5c]
module.vpc.aws_route_table_association.private[5]: Creating...
module.vpc.aws_route_table_association.private[0]: Creation complete after 1s [id=rtbassoc-072de313f6a6f6560]
module.vpc.aws_route_table_association.private[4]: Creation complete after 1s [id=rtbassoc-00ee51417f7b23f6f]
module.vpc.aws_route_table_association.private[5]: Creation complete after 1s [id=rtbassoc-09162c987f314a0a2]
module.vpc.aws_subnet.public[0]: Still creating... [10s elapsed]
module.vpc.aws_subnet.public[3]: Still creating... [10s elapsed]
module.vpc.aws_subnet.public[1]: Still creating... [10s elapsed]
module.vpc.aws_subnet.public[5]: Still creating... [10s elapsed]
module.vpc.aws_subnet.public[4]: Still creating... [10s elapsed]
module.vpc.aws_subnet.public[3]: Creation complete after 12s [id=subnet-01126d14b8ab44531]
module.vpc.aws_subnet.public[1]: Creation complete after 12s [id=subnet-034935e86e7e697db]
module.vpc.aws_subnet.public[0]: Creation complete after 12s [id=subnet-0d56476ed976e3020]
module.vpc.aws_subnet.public[5]: Creation complete after 12s [id=subnet-0c57658a70ba4aed5]
module.vpc.aws_subnet.public[4]: Creation complete after 12s [id=subnet-006a1adf77182502d]
module.vpc.aws_subnet.public[2]: Still creating... [10s elapsed]
module.vpc.aws_subnet.public[2]: Creation complete after 11s [id=subnet-091d412dfea9908f9]
module.vpc.aws_route_table_association.public[5]: Creating...
module.vpc.aws_route_table_association.public[1]: Creating...
module.vpc.aws_route_table_association.public[3]: Creating...
module.vpc.aws_route_table_association.public[0]: Creating...
module.vpc.aws_route_table_association.public[2]: Creating...
module.vpc.aws_route_table_association.public[4]: Creating...
module.vpc.aws_nat_gateway.this[0]: Creating...
module.vpc.aws_route_table_association.public[3]: Creation complete after 0s [id=rtbassoc-07cbefda8e50ba5ed]
module.vpc.aws_route_table_association.public[1]: Creation complete after 0s [id=rtbassoc-02d9607e1eadc60ac]
module.vpc.aws_route_table_association.public[0]: Creation complete after 0s [id=rtbassoc-098e0b980d7480eea]
module.vpc.aws_route_table_association.public[5]: Creation complete after 0s [id=rtbassoc-0cd4b90695910fdb3]
module.vpc.aws_route_table_association.public[2]: Creation complete after 0s [id=rtbassoc-04417ed1de8306ddf]
module.vpc.aws_route_table_association.public[4]: Creation complete after 0s [id=rtbassoc-09b04b0c36467f6bb]
module.vpc.aws_nat_gateway.this[0]: Still creating... [10s elapsed]
module.vpc.aws_nat_gateway.this[0]: Still creating... [20s elapsed]
module.vpc.aws_nat_gateway.this[0]: Still creating... [30s elapsed]
module.vpc.aws_nat_gateway.this[0]: Still creating... [40s elapsed]
module.vpc.aws_nat_gateway.this[0]: Still creating... [50s elapsed]
module.vpc.aws_nat_gateway.this[0]: Still creating... [1m0s elapsed]
module.vpc.aws_nat_gateway.this[0]: Still creating... [1m10s elapsed]
module.vpc.aws_nat_gateway.this[0]: Still creating... [1m20s elapsed]
module.vpc.aws_nat_gateway.this[0]: Still creating... [1m30s elapsed]
module.vpc.aws_nat_gateway.this[0]: Still creating... [1m40s elapsed]
module.vpc.aws_nat_gateway.this[0]: Creation complete after 1m46s [id=nat-0725e7da2321a580a]
module.vpc.aws_route.private_nat_gateway[0]: Creating...
module.vpc.aws_route.private_nat_gateway[0]: Creation complete after 2s [id=r-rtb-07bab6ddc3f3b4a771080289494]

Apply complete! Resources: 45 added, 0 changed, 0 destroyed.

Outputs:

db_subnets = [
  "subnet-095df61ed423fdf4e",
  "subnet-0ea2858e34b4928f5",
  "subnet-0e7a5bbd10cb69227",
  "subnet-06c900c7d169a6b1b",
  "subnet-0c4adf8c3d7cf301f",
  "subnet-040a8da087dd4a3cf",
]
private_subnets = [
  "subnet-0c26453d20fa22c2c",
  "subnet-034022ed5843e3472",
  "subnet-0eac929b0d879e25c",
    "10.0.120.0/21",
    "10.0.128.0/21",
    "10.0.136.0/21",
  ]
vpc_id = "vpc-0cae434643db766d1"